<?xml version="1.0" encoding="UTF-8"?>
<testsuite xmlns:xsi="http://www.w3.org/2001/XMLSchema-instance" xsi:noNamespaceSchemaLocation="https://maven.apache.org/surefire/maven-surefire-plugin/xsd/surefire-test-report.xsd" name="io.quarkus.workshop.superheroes.villain.VillainResourceTest" time="12.586" tests="13" errors="3" skipped="0" failures="8">
  <properties>
    <property name="awt.toolkit" value="sun.awt.X11.XToolkit"/>
    <property name="java.specification.version" value="11"/>
    <property name="sun.cpu.isalist" value=""/>
    <property name="sun.jnu.encoding" value="UTF-8"/>
    <property name="java.class.path" value="/workspace/rquarkusweb/quarkus-super-heroes-workshop/super-heroes/rest-villain/target/test-classes:/workspace/rquarkusweb/quarkus-super-heroes-workshop/super-heroes/rest-villain/target/classes:/workspace/m2-repository/io/quarkus/quarkus-resteasy/1.2.0.Final/quarkus-resteasy-1.2.0.Final.jar:/workspace/m2-repository/io/quarkus/quarkus-vertx-http/1.2.0.Final/quarkus-vertx-http-1.2.0.Final.jar:/workspace/m2-repository/io/quarkus/security/quarkus-security/1.0.1.Final/quarkus-security-1.0.1.Final.jar:/workspace/m2-repository/jakarta/enterprise/jakarta.enterprise.cdi-api/2.0.2/jakarta.enterprise.cdi-api-2.0.2.jar:/workspace/m2-repository/jakarta/el/jakarta.el-api/3.0.3/jakarta.el-api-3.0.3.jar:/workspace/m2-repository/jakarta/interceptor/jakarta.interceptor-api/1.2.5/jakarta.interceptor-api-1.2.5.jar:/workspace/m2-repository/io/quarkus/quarkus-vertx-core/1.2.0.Final/quarkus-vertx-core-1.2.0.Final.jar:/workspace/m2-repository/io/quarkus/quarkus-netty/1.2.0.Final/quarkus-netty-1.2.0.Final.jar:/workspace/m2-repository/io/netty/netty-codec/4.1.42.Final/netty-codec-4.1.42.Final.jar:/workspace/m2-repository/io/netty/netty-handler/4.1.42.Final/netty-handler-4.1.42.Final.jar:/workspace/m2-repository/io/vertx/vertx-core/3.8.4/vertx-core-3.8.4.jar:/workspace/m2-repository/io/netty/netty-common/4.1.42.Final/netty-common-4.1.42.Final.jar:/workspace/m2-repository/io/netty/netty-buffer/4.1.42.Final/netty-buffer-4.1.42.Final.jar:/workspace/m2-repository/io/netty/netty-transport/4.1.42.Final/netty-transport-4.1.42.Final.jar:/workspace/m2-repository/io/netty/netty-handler-proxy/4.1.42.Final/netty-handler-proxy-4.1.42.Final.jar:/workspace/m2-repository/io/netty/netty-codec-socks/4.1.42.Final/netty-codec-socks-4.1.42.Final.jar:/workspace/m2-repository/io/netty/netty-codec-http/4.1.42.Final/netty-codec-http-4.1.42.Final.jar:/workspace/m2-repository/io/netty/netty-codec-http2/4.1.42.Final/netty-codec-http2-4.1.42.Final.jar:/workspace/m2-repository/io/netty/netty-resolver/4.1.42.Final/netty-resolver-4.1.42.Final.jar:/workspace/m2-repository/io/netty/netty-resolver-dns/4.1.42.Final/netty-resolver-dns-4.1.42.Final.jar:/workspace/m2-repository/io/netty/netty-codec-dns/4.1.42.Final/netty-codec-dns-4.1.42.Final.jar:/workspace/m2-repository/io/vertx/vertx-web/3.8.4/vertx-web-3.8.4.jar:/workspace/m2-repository/io/vertx/vertx-web-common/3.8.4/vertx-web-common-3.8.4.jar:/workspace/m2-repository/io/vertx/vertx-auth-common/3.8.4/vertx-auth-common-3.8.4.jar:/workspace/m2-repository/io/vertx/vertx-bridge-common/3.8.4/vertx-bridge-common-3.8.4.jar:/workspace/m2-repository/io/quarkus/quarkus-resteasy-server-common/1.2.0.Final/quarkus-resteasy-server-common-1.2.0.Final.jar:/workspace/m2-repository/io/quarkus/quarkus-resteasy-common/1.2.0.Final/quarkus-resteasy-common-1.2.0.Final.jar:/workspace/m2-repository/org/jboss/resteasy/resteasy-core/4.4.2.Final/resteasy-core-4.4.2.Final.jar:/workspace/m2-repository/org/jboss/spec/javax/ws/rs/jboss-jaxrs-api_2.1_spec/2.0.1.Final/jboss-jaxrs-api_2.1_spec-2.0.1.Final.jar:/workspace/m2-repository/org/jboss/resteasy/resteasy-core-spi/4.4.2.Final/resteasy-core-spi-4.4.2.Final.jar:/workspace/m2-repository/org/reactivestreams/reactive-streams/1.0.3/reactive-streams-1.0.3.jar:/workspace/m2-repository/com/sun/activation/jakarta.activation/1.2.1/jakarta.activation-1.2.1.jar:/workspace/m2-repository/jakarta/validation/jakarta.validation-api/2.0.2/jakarta.validation-api-2.0.2.jar:/workspace/m2-repository/io/quarkus/quarkus-resteasy-jsonb/1.2.0.Final/quarkus-resteasy-jsonb-1.2.0.Final.jar:/workspace/m2-repository/io/quarkus/quarkus-jsonb/1.2.0.Final/quarkus-jsonb-1.2.0.Final.jar:/workspace/m2-repository/org/eclipse/yasson/1.0.6/yasson-1.0.6.jar:/workspace/m2-repository/org/jboss/resteasy/resteasy-json-binding-provider/4.4.2.Final/resteasy-json-binding-provider-4.4.2.Final.jar:/workspace/m2-repository/org/glassfish/jakarta.json/1.1.6/jakarta.json-1.1.6.jar:/workspace/m2-repository/jakarta/json/bind/jakarta.json.bind-api/1.0.2/jakarta.json.bind-api-1.0.2.jar:/workspace/m2-repository/org/jboss/logging/jboss-logging/3.3.2.Final/jboss-logging-3.3.2.Final.jar:/workspace/m2-repository/org/jboss/resteasy/resteasy-json-p-provider/4.4.2.Final/resteasy-json-p-provider-4.4.2.Final.jar:/workspace/m2-repository/commons-io/commons-io/2.6/commons-io-2.6.jar:/workspace/m2-repository/io/quarkus/quarkus-hibernate-orm-panache/1.2.0.Final/quarkus-hibernate-orm-panache-1.2.0.Final.jar:/workspace/m2-repository/io/quarkus/quarkus-core/1.2.0.Final/quarkus-core-1.2.0.Final.jar:/workspace/m2-repository/jakarta/annotation/jakarta.annotation-api/1.3.5/jakarta.annotation-api-1.3.5.jar:/workspace/m2-repository/io/smallrye/config/smallrye-config/1.5.1/smallrye-config-1.5.1.jar:/workspace/m2-repository/io/smallrye/config/smallrye-config-common/1.5.1/smallrye-config-common-1.5.1.jar:/workspace/m2-repository/org/jboss/logmanager/jboss-logmanager-embedded/1.0.4/jboss-logmanager-embedded-1.0.4.jar:/workspace/m2-repository/org/jboss/logging/jboss-logging-annotations/2.1.0.Final/jboss-logging-annotations-2.1.0.Final.jar:/workspace/m2-repository/org/jboss/threads/jboss-threads/3.0.0.Final/jboss-threads-3.0.0.Final.jar:/workspace/m2-repository/org/slf4j/slf4j-api/1.7.29/slf4j-api-1.7.29.jar:/workspace/m2-repository/org/jboss/slf4j/slf4j-jboss-logging/1.2.0.Final/slf4j-jboss-logging-1.2.0.Final.jar:/workspace/m2-repository/org/graalvm/sdk/graal-sdk/19.2.1/graal-sdk-19.2.1.jar:/workspace/m2-repository/org/wildfly/common/wildfly-common/1.5.0.Final-format-001/wildfly-common-1.5.0.Final-format-001.jar:/workspace/m2-repository/io/quarkus/quarkus-hibernate-orm/1.2.0.Final/quarkus-hibernate-orm-1.2.0.Final.jar:/workspace/m2-repository/io/quarkus/quarkus-agroal/1.2.0.Final/quarkus-agroal-1.2.0.Final.jar:/workspace/m2-repository/org/jboss/narayana/jta/narayana-jta/5.10.0.Final/narayana-jta-5.10.0.Final.jar:/workspace/m2-repository/org/jboss/jboss-transaction-spi/7.6.0.Final/jboss-transaction-spi-7.6.0.Final.jar:/workspace/m2-repository/org/jboss/spec/javax/resource/jboss-connector-api_1.7_spec/1.0.0.Final/jboss-connector-api_1.7_spec-1.0.0.Final.jar:/workspace/m2-repository/org/jboss/narayana/jts/narayana-jts-integration/5.10.0.Final/narayana-jts-integration-5.10.0.Final.jar:/workspace/m2-repository/io/agroal/agroal-api/1.7/agroal-api-1.7.jar:/workspace/m2-repository/io/agroal/agroal-narayana/1.7/agroal-narayana-1.7.jar:/workspace/m2-repository/io/agroal/agroal-pool/1.7/agroal-pool-1.7.jar:/workspace/m2-repository/io/quarkus/quarkus-vault-spi/1.2.0.Final/quarkus-vault-spi-1.2.0.Final.jar:/workspace/m2-repository/io/quarkus/quarkus-narayana-jta/1.2.0.Final/quarkus-narayana-jta-1.2.0.Final.jar:/workspace/m2-repository/io/smallrye/reactive/smallrye-reactive-streams-operators/1.0.10/smallrye-reactive-streams-operators-1.0.10.jar:/workspace/m2-repository/org/eclipse/microprofile/reactive-streams-operators/microprofile-reactive-streams-operators-api/1.0/microprofile-reactive-streams-operators-api-1.0.jar:/workspace/m2-repository/org/eclipse/microprofile/reactive-streams-operators/microprofile-reactive-streams-operators-core/1.0/microprofile-reactive-streams-operators-core-1.0.jar:/workspace/m2-repository/io/reactivex/rxjava2/rxjava/2.2.17/rxjava-2.2.17.jar:/workspace/m2-repository/io/smallrye/smallrye-context-propagation-jta/1.0.11/smallrye-context-propagation-jta-1.0.11.jar:/workspace/m2-repository/io/smallrye/reactive/smallrye-reactive-converter-api/1.0.10/smallrye-reactive-converter-api-1.0.10.jar:/workspace/m2-repository/org/hibernate/hibernate-core/5.4.10.Final/hibernate-core-5.4.10.Final.jar:/workspace/m2-repository/net/bytebuddy/byte-buddy/1.10.2/byte-buddy-1.10.2.jar:/workspace/m2-repository/antlr/antlr/2.7.7/antlr-2.7.7.jar:/workspace/m2-repository/org/dom4j/dom4j/2.1.1/dom4j-2.1.1.jar:/workspace/m2-repository/org/hibernate/common/hibernate-commons-annotations/5.1.0.Final/hibernate-commons-annotations-5.1.0.Final.jar:/workspace/m2-repository/org/glassfish/jaxb/jaxb-runtime/2.3.3-b01/jaxb-runtime-2.3.3-b01.jar:/workspace/m2-repository/org/glassfish/jaxb/txw2/2.3.3-b01/txw2-2.3.3-b01.jar:/workspace/m2-repository/com/sun/istack/istack-commons-runtime/3.0.10/istack-commons-runtime-3.0.10.jar:/workspace/m2-repository/org/jboss/spec/javax/xml/bind/jboss-jaxb-api_2.3_spec/2.0.0.Final/jboss-jaxb-api_2.3_spec-2.0.0.Final.jar:/workspace/m2-repository/jakarta/persistence/jakarta.persistence-api/2.2.3/jakarta.persistence-api-2.2.3.jar:/workspace/m2-repository/jakarta/transaction/jakarta.transaction-api/1.3.3/jakarta.transaction-api-1.3.3.jar:/workspace/m2-repository/org/hibernate/quarkus-local-cache/0.1.0/quarkus-local-cache-0.1.0.jar:/workspace/m2-repository/com/github/ben-manes/caffeine/caffeine/2.8.0/caffeine-2.8.0.jar:/workspace/m2-repository/org/checkerframework/checker-qual/2.5.2/checker-qual-2.5.2.jar:/workspace/m2-repository/com/google/errorprone/error_prone_annotations/2.2.0/error_prone_annotations-2.2.0.jar:/workspace/m2-repository/io/quarkus/quarkus-caffeine/1.2.0.Final/quarkus-caffeine-1.2.0.Final.jar:/workspace/m2-repository/io/quarkus/quarkus-arc/1.2.0.Final/quarkus-arc-1.2.0.Final.jar:/workspace/m2-repository/io/quarkus/arc/arc/1.2.0.Final/arc-1.2.0.Final.jar:/workspace/m2-repository/org/eclipse/microprofile/context-propagation/microprofile-context-propagation-api/1.0.1/microprofile-context-propagation-api-1.0.1.jar:/workspace/m2-repository/io/quarkus/quarkus-panache-common/1.2.0.Final/quarkus-panache-common-1.2.0.Final.jar:/workspace/m2-repository/io/quarkus/quarkus-jdbc-postgresql/1.2.0.Final/quarkus-jdbc-postgresql-1.2.0.Final.jar:/workspace/m2-repository/org/postgresql/postgresql/42.2.9/postgresql-42.2.9.jar:/workspace/m2-repository/io/quarkus/quarkus-hibernate-validator/1.2.0.Final/quarkus-hibernate-validator-1.2.0.Final.jar:/workspace/m2-repository/org/hibernate/validator/hibernate-validator/6.1.1.Final/hibernate-validator-6.1.1.Final.jar:/workspace/m2-repository/com/fasterxml/classmate/1.3.4/classmate-1.3.4.jar:/workspace/m2-repository/org/glassfish/jakarta.el/3.0.3/jakarta.el-3.0.3.jar:/workspace/m2-repository/io/quarkus/quarkus-smallrye-openapi/1.2.0.Final/quarkus-smallrye-openapi-1.2.0.Final.jar:/workspace/m2-repository/io/smallrye/smallrye-open-api/1.1.20/smallrye-open-api-1.1.20.jar:/workspace/m2-repository/org/eclipse/microprofile/openapi/microprofile-openapi-api/1.1.2/microprofile-openapi-api-1.1.2.jar:/workspace/m2-repository/org/eclipse/microprofile/config/microprofile-config-api/1.3/microprofile-config-api-1.3.jar:/workspace/m2-repository/com/fasterxml/jackson/dataformat/jackson-dataformat-yaml/2.10.2/jackson-dataformat-yaml-2.10.2.jar:/workspace/m2-repository/org/yaml/snakeyaml/1.24/snakeyaml-1.24.jar:/workspace/m2-repository/org/jboss/jandex/2.1.2.Final/jandex-2.1.2.Final.jar:/workspace/m2-repository/org/jboss/shrinkwrap/shrinkwrap-api/1.2.6/shrinkwrap-api-1.2.6.jar:/workspace/m2-repository/io/quarkus/quarkus-swagger-ui/1.2.0.Final/quarkus-swagger-ui-1.2.0.Final.jar:/workspace/m2-repository/io/quarkus/quarkus-smallrye-health/1.2.0.Final/quarkus-smallrye-health-1.2.0.Final.jar:/workspace/m2-repository/io/smallrye/smallrye-health/2.1.0/smallrye-health-2.1.0.jar:/workspace/m2-repository/org/eclipse/microprofile/health/microprofile-health-api/2.1/microprofile-health-api-2.1.jar:/workspace/m2-repository/jakarta/inject/jakarta.inject-api/1.0/jakarta.inject-api-1.0.jar:/workspace/m2-repository/io/quarkus/quarkus-jsonp/1.2.0.Final/quarkus-jsonp-1.2.0.Final.jar:/workspace/m2-repository/io/quarkus/quarkus-smallrye-metrics/1.2.0.Final/quarkus-smallrye-metrics-1.2.0.Final.jar:/workspace/m2-repository/io/smallrye/smallrye-metrics/2.3.2/smallrye-metrics-2.3.2.jar:/workspace/m2-repository/org/eclipse/microprofile/metrics/microprofile-metrics-api/2.2.1/microprofile-metrics-api-2.2.1.jar:/workspace/m2-repository/io/quarkus/quarkus-junit5/1.2.0.Final/quarkus-junit5-1.2.0.Final.jar:/workspace/m2-repository/io/quarkus/quarkus-bootstrap-core/1.2.0.Final/quarkus-bootstrap-core-1.2.0.Final.jar:/workspace/m2-repository/org/apache/maven/maven-embedder/3.5.4/maven-embedder-3.5.4.jar:/workspace/m2-repository/org/apache/maven/maven-settings/3.5.4/maven-settings-3.5.4.jar:/workspace/m2-repository/org/apache/maven/maven-core/3.5.4/maven-core-3.5.4.jar:/workspace/m2-repository/org/apache/maven/maven-artifact/3.5.4/maven-artifact-3.5.4.jar:/workspace/m2-repository/org/apache/maven/maven-plugin-api/3.5.4/maven-plugin-api-3.5.4.jar:/workspace/m2-repository/org/apache/maven/maven-model/3.5.4/maven-model-3.5.4.jar:/workspace/m2-repository/org/apache/maven/maven-model-builder/3.5.4/maven-model-builder-3.5.4.jar:/workspace/m2-repository/org/apache/maven/maven-builder-support/3.5.4/maven-builder-support-3.5.4.jar:/workspace/m2-repository/org/apache/maven/resolver/maven-resolver-api/1.1.1/maven-resolver-api-1.1.1.jar:/workspace/m2-repository/org/apache/maven/resolver/maven-resolver-util/1.1.1/maven-resolver-util-1.1.1.jar:/workspace/m2-repository/org/apache/maven/shared/maven-shared-utils/3.2.1/maven-shared-utils-3.2.1.jar:/workspace/m2-repository/com/google/inject/guice/4.2.0/guice-4.2.0-no_aop.jar:/workspace/m2-repository/aopalliance/aopalliance/1.0/aopalliance-1.0.jar:/workspace/m2-repository/com/google/guava/guava/27.0.1-jre/guava-27.0.1-jre.jar:/workspace/m2-repository/com/google/guava/failureaccess/1.0.1/failureaccess-1.0.1.jar:/workspace/m2-repository/com/google/guava/listenablefuture/9999.0-empty-to-avoid-conflict-with-guava/listenablefuture-9999.0-empty-to-avoid-conflict-with-guava.jar:/workspace/m2-repository/com/google/code/findbugs/jsr305/3.0.2/jsr305-3.0.2.jar:/workspace/m2-repository/com/google/j2objc/j2objc-annotations/1.1/j2objc-annotations-1.1.jar:/workspace/m2-repository/org/codehaus/mojo/animal-sniffer-annotations/1.17/animal-sniffer-annotations-1.17.jar:/workspace/m2-repository/org/codehaus/plexus/plexus-utils/3.0.24/plexus-utils-3.0.24.jar:/workspace/m2-repository/org/codehaus/plexus/plexus-classworlds/2.5.2/plexus-classworlds-2.5.2.jar:/workspace/m2-repository/org/eclipse/sisu/org.eclipse.sisu.plexus/0.3.3/org.eclipse.sisu.plexus-0.3.3.jar:/workspace/m2-repository/org/codehaus/plexus/plexus-component-annotations/1.7.1/plexus-component-annotations-1.7.1.jar:/workspace/m2-repository/commons-cli/commons-cli/1.4/commons-cli-1.4.jar:/workspace/m2-repository/org/apache/maven/maven-settings-builder/3.5.4/maven-settings-builder-3.5.4.jar:/workspace/m2-repository/org/codehaus/plexus/plexus-interpolation/1.24/plexus-interpolation-1.24.jar:/workspace/m2-repository/org/sonatype/plexus/plexus-sec-dispatcher/1.4/plexus-sec-dispatcher-1.4.jar:/workspace/m2-repository/org/sonatype/plexus/plexus-cipher/1.4/plexus-cipher-1.4.jar:/workspace/m2-repository/org/apache/maven/maven-resolver-provider/3.5.4/maven-resolver-provider-3.5.4.jar:/workspace/m2-repository/org/apache/maven/maven-repository-metadata/3.5.4/maven-repository-metadata-3.5.4.jar:/workspace/m2-repository/org/apache/maven/resolver/maven-resolver-spi/1.1.1/maven-resolver-spi-1.1.1.jar:/workspace/m2-repository/org/apache/maven/resolver/maven-resolver-impl/1.1.1/maven-resolver-impl-1.1.1.jar:/workspace/m2-repository/org/apache/maven/resolver/maven-resolver-connector-basic/1.1.1/maven-resolver-connector-basic-1.1.1.jar:/workspace/m2-repository/org/apache/maven/resolver/maven-resolver-transport-wagon/1.1.1/maven-resolver-transport-wagon-1.1.1.jar:/workspace/m2-repository/org/apache/maven/wagon/wagon-provider-api/3.0.0/wagon-provider-api-3.0.0.jar:/workspace/m2-repository/org/apache/maven/wagon/wagon-http/3.0.0/wagon-http-3.0.0.jar:/workspace/m2-repository/org/apache/maven/wagon/wagon-http-shared/3.0.0/wagon-http-shared-3.0.0.jar:/workspace/m2-repository/org/jsoup/jsoup/1.7.2/jsoup-1.7.2.jar:/workspace/m2-repository/org/apache/maven/wagon/wagon-file/3.0.0/wagon-file-3.0.0.jar:/workspace/m2-repository/org/jboss/logging/commons-logging-jboss-logging/1.0.0.Final/commons-logging-jboss-logging-1.0.0.Final.jar:/workspace/m2-repository/io/quarkus/quarkus-test-common/1.2.0.Final/quarkus-test-common-1.2.0.Final.jar:/workspace/m2-repository/io/quarkus/quarkus-core-deployment/1.2.0.Final/quarkus-core-deployment-1.2.0.Final.jar:/workspace/m2-repository/io/quarkus/gizmo/gizmo/1.0.1.Final/gizmo-1.0.1.Final.jar:/workspace/m2-repository/org/ow2/asm/asm-util/7.1/asm-util-7.1.jar:/workspace/m2-repository/org/ow2/asm/asm-tree/7.1/asm-tree-7.1.jar:/workspace/m2-repository/org/ow2/asm/asm-analysis/7.1/asm-analysis-7.1.jar:/workspace/m2-repository/org/ow2/asm/asm/7.1/asm-7.1.jar:/workspace/m2-repository/io/quarkus/quarkus-builder/1.2.0.Final/quarkus-builder-1.2.0.Final.jar:/workspace/m2-repository/io/quarkus/quarkus-jsonp-deployment/1.2.0.Final/quarkus-jsonp-deployment-1.2.0.Final.jar:/workspace/m2-repository/org/junit/jupiter/junit-jupiter/5.5.2/junit-jupiter-5.5.2.jar:/workspace/m2-repository/org/junit/jupiter/junit-jupiter-params/5.5.2/junit-jupiter-params-5.5.2.jar:/workspace/m2-repository/org/junit/jupiter/junit-jupiter-engine/5.5.2/junit-jupiter-engine-5.5.2.jar:/workspace/m2-repository/org/junit/platform/junit-platform-engine/1.5.2/junit-platform-engine-1.5.2.jar:/workspace/m2-repository/io/rest-assured/rest-assured/4.1.2/rest-assured-4.1.2.jar:/workspace/m2-repository/org/codehaus/groovy/groovy/2.5.8/groovy-2.5.8.jar:/workspace/m2-repository/org/codehaus/groovy/groovy-xml/2.5.8/groovy-xml-2.5.8.jar:/workspace/m2-repository/org/apache/httpcomponents/httpclient/4.5.10/httpclient-4.5.10.jar:/workspace/m2-repository/org/apache/httpcomponents/httpcore/4.4.13/httpcore-4.4.13.jar:/workspace/m2-repository/commons-codec/commons-codec/1.13/commons-codec-1.13.jar:/workspace/m2-repository/org/apache/httpcomponents/httpmime/4.5.3/httpmime-4.5.3.jar:/workspace/m2-repository/org/hamcrest/hamcrest/2.1/hamcrest-2.1.jar:/workspace/m2-repository/org/ccil/cowan/tagsoup/tagsoup/1.2.1/tagsoup-1.2.1.jar:/workspace/m2-repository/io/rest-assured/json-path/4.1.2/json-path-4.1.2.jar:/workspace/m2-repository/org/codehaus/groovy/groovy-json/2.5.8/groovy-json-2.5.8.jar:/workspace/m2-repository/io/rest-assured/rest-assured-common/4.1.2/rest-assured-common-4.1.2.jar:/workspace/m2-repository/io/rest-assured/xml-path/4.1.2/xml-path-4.1.2.jar:/workspace/m2-repository/org/apache/commons/commons-lang3/3.9/commons-lang3-3.9.jar:/workspace/m2-repository/javax/xml/bind/jaxb-api/2.3.1/jaxb-api-2.3.1.jar:/workspace/m2-repository/org/apache/sling/org.apache.sling.javax.activation/0.1.0/org.apache.sling.javax.activation-0.1.0.jar:/workspace/m2-repository/com/fasterxml/jackson/core/jackson-databind/2.10.2/jackson-databind-2.10.2.jar:/workspace/m2-repository/com/fasterxml/jackson/core/jackson-annotations/2.10.2/jackson-annotations-2.10.2.jar:/workspace/m2-repository/com/fasterxml/jackson/core/jackson-core/2.10.2/jackson-core-2.10.2.jar:/workspace/m2-repository/org/testcontainers/junit-jupiter/1.12.2/junit-jupiter-1.12.2.jar:/workspace/m2-repository/org/testcontainers/testcontainers/1.12.4/testcontainers-1.12.4.jar:/workspace/m2-repository/junit/junit/4.12/junit-4.12.jar:/workspace/m2-repository/org/hamcrest/hamcrest-core/1.3/hamcrest-core-1.3.jar:/workspace/m2-repository/org/jetbrains/annotations/17.0.0/annotations-17.0.0.jar:/workspace/m2-repository/javax/annotation/javax.annotation-api/1.3.2/javax.annotation-api-1.3.2.jar:/workspace/m2-repository/org/apache/commons/commons-compress/1.19/commons-compress-1.19.jar:/workspace/m2-repository/org/rnorth/duct-tape/duct-tape/1.0.8/duct-tape-1.0.8.jar:/workspace/m2-repository/org/rnorth/visible-assertions/visible-assertions/2.1.2/visible-assertions-2.1.2.jar:/workspace/m2-repository/org/rnorth/tcp-unix-socket-proxy/1.0.2/tcp-unix-socket-proxy-1.0.2.jar:/workspace/m2-repository/com/kohlschutter/junixsocket/junixsocket-native-common/2.0.4/junixsocket-native-common-2.0.4.jar:/workspace/m2-repository/org/scijava/native-lib-loader/2.0.2/native-lib-loader-2.0.2.jar:/workspace/m2-repository/com/kohlschutter/junixsocket/junixsocket-common/2.0.4/junixsocket-common-2.0.4.jar:/workspace/m2-repository/net/java/dev/jna/jna-platform/5.5.0/jna-platform-5.5.0.jar:/workspace/m2-repository/net/java/dev/jna/jna/5.3.1/jna-5.3.1.jar:/workspace/m2-repository/org/junit/jupiter/junit-jupiter-api/5.5.2/junit-jupiter-api-5.5.2.jar:/workspace/m2-repository/org/apiguardian/apiguardian-api/1.1.0/apiguardian-api-1.1.0.jar:/workspace/m2-repository/org/opentest4j/opentest4j/1.2.0/opentest4j-1.2.0.jar:/workspace/m2-repository/org/junit/platform/junit-platform-commons/1.5.2/junit-platform-commons-1.5.2.jar:/workspace/m2-repository/org/testcontainers/postgresql/1.12.2/postgresql-1.12.2.jar:/workspace/m2-repository/org/testcontainers/jdbc/1.12.2/jdbc-1.12.2.jar:/workspace/m2-repository/org/testcontainers/database-commons/1.12.2/database-commons-1.12.2.jar:"/>
    <property name="java.vm.vendor" value="Azul Systems, Inc."/>
    <property name="sun.arch.data.model" value="64"/>
    <property name="java.vendor.url" value="http://www.azulsystems.com/"/>
    <property name="user.timezone" value=""/>
    <property name="java.vm.specification.version" value="11"/>
    <property name="os.name" value="Linux"/>
    <property name="sun.java.launcher" value="SUN_STANDARD"/>
    <property name="user.country" value="US"/>
    <property name="sun.boot.library.path" value="/home/gitpod/.sdkman/candidates/java/11.0.6.fx-zulu/lib"/>
    <property name="sun.java.command" value="/workspace/rquarkusweb/quarkus-super-heroes-workshop/super-heroes/rest-villain/target/surefire/surefirebooter13548333252719181662.jar /workspace/rquarkusweb/quarkus-super-heroes-workshop/super-heroes/rest-villain/target/surefire 2020-10-05T08-44-59_908-jvmRun1 surefire2316453469509577819tmp surefire_04356508882806362264tmp"/>
    <property name="jdk.debug" value="release"/>
    <property name="surefire.test.class.path" value="/workspace/rquarkusweb/quarkus-super-heroes-workshop/super-heroes/rest-villain/target/test-classes:/workspace/rquarkusweb/quarkus-super-heroes-workshop/super-heroes/rest-villain/target/classes:/workspace/m2-repository/io/quarkus/quarkus-resteasy/1.2.0.Final/quarkus-resteasy-1.2.0.Final.jar:/workspace/m2-repository/io/quarkus/quarkus-vertx-http/1.2.0.Final/quarkus-vertx-http-1.2.0.Final.jar:/workspace/m2-repository/io/quarkus/security/quarkus-security/1.0.1.Final/quarkus-security-1.0.1.Final.jar:/workspace/m2-repository/jakarta/enterprise/jakarta.enterprise.cdi-api/2.0.2/jakarta.enterprise.cdi-api-2.0.2.jar:/workspace/m2-repository/jakarta/el/jakarta.el-api/3.0.3/jakarta.el-api-3.0.3.jar:/workspace/m2-repository/jakarta/interceptor/jakarta.interceptor-api/1.2.5/jakarta.interceptor-api-1.2.5.jar:/workspace/m2-repository/io/quarkus/quarkus-vertx-core/1.2.0.Final/quarkus-vertx-core-1.2.0.Final.jar:/workspace/m2-repository/io/quarkus/quarkus-netty/1.2.0.Final/quarkus-netty-1.2.0.Final.jar:/workspace/m2-repository/io/netty/netty-codec/4.1.42.Final/netty-codec-4.1.42.Final.jar:/workspace/m2-repository/io/netty/netty-handler/4.1.42.Final/netty-handler-4.1.42.Final.jar:/workspace/m2-repository/io/vertx/vertx-core/3.8.4/vertx-core-3.8.4.jar:/workspace/m2-repository/io/netty/netty-common/4.1.42.Final/netty-common-4.1.42.Final.jar:/workspace/m2-repository/io/netty/netty-buffer/4.1.42.Final/netty-buffer-4.1.42.Final.jar:/workspace/m2-repository/io/netty/netty-transport/4.1.42.Final/netty-transport-4.1.42.Final.jar:/workspace/m2-repository/io/netty/netty-handler-proxy/4.1.42.Final/netty-handler-proxy-4.1.42.Final.jar:/workspace/m2-repository/io/netty/netty-codec-socks/4.1.42.Final/netty-codec-socks-4.1.42.Final.jar:/workspace/m2-repository/io/netty/netty-codec-http/4.1.42.Final/netty-codec-http-4.1.42.Final.jar:/workspace/m2-repository/io/netty/netty-codec-http2/4.1.42.Final/netty-codec-http2-4.1.42.Final.jar:/workspace/m2-repository/io/netty/netty-resolver/4.1.42.Final/netty-resolver-4.1.42.Final.jar:/workspace/m2-repository/io/netty/netty-resolver-dns/4.1.42.Final/netty-resolver-dns-4.1.42.Final.jar:/workspace/m2-repository/io/netty/netty-codec-dns/4.1.42.Final/netty-codec-dns-4.1.42.Final.jar:/workspace/m2-repository/io/vertx/vertx-web/3.8.4/vertx-web-3.8.4.jar:/workspace/m2-repository/io/vertx/vertx-web-common/3.8.4/vertx-web-common-3.8.4.jar:/workspace/m2-repository/io/vertx/vertx-auth-common/3.8.4/vertx-auth-common-3.8.4.jar:/workspace/m2-repository/io/vertx/vertx-bridge-common/3.8.4/vertx-bridge-common-3.8.4.jar:/workspace/m2-repository/io/quarkus/quarkus-resteasy-server-common/1.2.0.Final/quarkus-resteasy-server-common-1.2.0.Final.jar:/workspace/m2-repository/io/quarkus/quarkus-resteasy-common/1.2.0.Final/quarkus-resteasy-common-1.2.0.Final.jar:/workspace/m2-repository/org/jboss/resteasy/resteasy-core/4.4.2.Final/resteasy-core-4.4.2.Final.jar:/workspace/m2-repository/org/jboss/spec/javax/ws/rs/jboss-jaxrs-api_2.1_spec/2.0.1.Final/jboss-jaxrs-api_2.1_spec-2.0.1.Final.jar:/workspace/m2-repository/org/jboss/resteasy/resteasy-core-spi/4.4.2.Final/resteasy-core-spi-4.4.2.Final.jar:/workspace/m2-repository/org/reactivestreams/reactive-streams/1.0.3/reactive-streams-1.0.3.jar:/workspace/m2-repository/com/sun/activation/jakarta.activation/1.2.1/jakarta.activation-1.2.1.jar:/workspace/m2-repository/jakarta/validation/jakarta.validation-api/2.0.2/jakarta.validation-api-2.0.2.jar:/workspace/m2-repository/io/quarkus/quarkus-resteasy-jsonb/1.2.0.Final/quarkus-resteasy-jsonb-1.2.0.Final.jar:/workspace/m2-repository/io/quarkus/quarkus-jsonb/1.2.0.Final/quarkus-jsonb-1.2.0.Final.jar:/workspace/m2-repository/org/eclipse/yasson/1.0.6/yasson-1.0.6.jar:/workspace/m2-repository/org/jboss/resteasy/resteasy-json-binding-provider/4.4.2.Final/resteasy-json-binding-provider-4.4.2.Final.jar:/workspace/m2-repository/org/glassfish/jakarta.json/1.1.6/jakarta.json-1.1.6.jar:/workspace/m2-repository/jakarta/json/bind/jakarta.json.bind-api/1.0.2/jakarta.json.bind-api-1.0.2.jar:/workspace/m2-repository/org/jboss/logging/jboss-logging/3.3.2.Final/jboss-logging-3.3.2.Final.jar:/workspace/m2-repository/org/jboss/resteasy/resteasy-json-p-provider/4.4.2.Final/resteasy-json-p-provider-4.4.2.Final.jar:/workspace/m2-repository/commons-io/commons-io/2.6/commons-io-2.6.jar:/workspace/m2-repository/io/quarkus/quarkus-hibernate-orm-panache/1.2.0.Final/quarkus-hibernate-orm-panache-1.2.0.Final.jar:/workspace/m2-repository/io/quarkus/quarkus-core/1.2.0.Final/quarkus-core-1.2.0.Final.jar:/workspace/m2-repository/jakarta/annotation/jakarta.annotation-api/1.3.5/jakarta.annotation-api-1.3.5.jar:/workspace/m2-repository/io/smallrye/config/smallrye-config/1.5.1/smallrye-config-1.5.1.jar:/workspace/m2-repository/io/smallrye/config/smallrye-config-common/1.5.1/smallrye-config-common-1.5.1.jar:/workspace/m2-repository/org/jboss/logmanager/jboss-logmanager-embedded/1.0.4/jboss-logmanager-embedded-1.0.4.jar:/workspace/m2-repository/org/jboss/logging/jboss-logging-annotations/2.1.0.Final/jboss-logging-annotations-2.1.0.Final.jar:/workspace/m2-repository/org/jboss/threads/jboss-threads/3.0.0.Final/jboss-threads-3.0.0.Final.jar:/workspace/m2-repository/org/slf4j/slf4j-api/1.7.29/slf4j-api-1.7.29.jar:/workspace/m2-repository/org/jboss/slf4j/slf4j-jboss-logging/1.2.0.Final/slf4j-jboss-logging-1.2.0.Final.jar:/workspace/m2-repository/org/graalvm/sdk/graal-sdk/19.2.1/graal-sdk-19.2.1.jar:/workspace/m2-repository/org/wildfly/common/wildfly-common/1.5.0.Final-format-001/wildfly-common-1.5.0.Final-format-001.jar:/workspace/m2-repository/io/quarkus/quarkus-hibernate-orm/1.2.0.Final/quarkus-hibernate-orm-1.2.0.Final.jar:/workspace/m2-repository/io/quarkus/quarkus-agroal/1.2.0.Final/quarkus-agroal-1.2.0.Final.jar:/workspace/m2-repository/org/jboss/narayana/jta/narayana-jta/5.10.0.Final/narayana-jta-5.10.0.Final.jar:/workspace/m2-repository/org/jboss/jboss-transaction-spi/7.6.0.Final/jboss-transaction-spi-7.6.0.Final.jar:/workspace/m2-repository/org/jboss/spec/javax/resource/jboss-connector-api_1.7_spec/1.0.0.Final/jboss-connector-api_1.7_spec-1.0.0.Final.jar:/workspace/m2-repository/org/jboss/narayana/jts/narayana-jts-integration/5.10.0.Final/narayana-jts-integration-5.10.0.Final.jar:/workspace/m2-repository/io/agroal/agroal-api/1.7/agroal-api-1.7.jar:/workspace/m2-repository/io/agroal/agroal-narayana/1.7/agroal-narayana-1.7.jar:/workspace/m2-repository/io/agroal/agroal-pool/1.7/agroal-pool-1.7.jar:/workspace/m2-repository/io/quarkus/quarkus-vault-spi/1.2.0.Final/quarkus-vault-spi-1.2.0.Final.jar:/workspace/m2-repository/io/quarkus/quarkus-narayana-jta/1.2.0.Final/quarkus-narayana-jta-1.2.0.Final.jar:/workspace/m2-repository/io/smallrye/reactive/smallrye-reactive-streams-operators/1.0.10/smallrye-reactive-streams-operators-1.0.10.jar:/workspace/m2-repository/org/eclipse/microprofile/reactive-streams-operators/microprofile-reactive-streams-operators-api/1.0/microprofile-reactive-streams-operators-api-1.0.jar:/workspace/m2-repository/org/eclipse/microprofile/reactive-streams-operators/microprofile-reactive-streams-operators-core/1.0/microprofile-reactive-streams-operators-core-1.0.jar:/workspace/m2-repository/io/reactivex/rxjava2/rxjava/2.2.17/rxjava-2.2.17.jar:/workspace/m2-repository/io/smallrye/smallrye-context-propagation-jta/1.0.11/smallrye-context-propagation-jta-1.0.11.jar:/workspace/m2-repository/io/smallrye/reactive/smallrye-reactive-converter-api/1.0.10/smallrye-reactive-converter-api-1.0.10.jar:/workspace/m2-repository/org/hibernate/hibernate-core/5.4.10.Final/hibernate-core-5.4.10.Final.jar:/workspace/m2-repository/net/bytebuddy/byte-buddy/1.10.2/byte-buddy-1.10.2.jar:/workspace/m2-repository/antlr/antlr/2.7.7/antlr-2.7.7.jar:/workspace/m2-repository/org/dom4j/dom4j/2.1.1/dom4j-2.1.1.jar:/workspace/m2-repository/org/hibernate/common/hibernate-commons-annotations/5.1.0.Final/hibernate-commons-annotations-5.1.0.Final.jar:/workspace/m2-repository/org/glassfish/jaxb/jaxb-runtime/2.3.3-b01/jaxb-runtime-2.3.3-b01.jar:/workspace/m2-repository/org/glassfish/jaxb/txw2/2.3.3-b01/txw2-2.3.3-b01.jar:/workspace/m2-repository/com/sun/istack/istack-commons-runtime/3.0.10/istack-commons-runtime-3.0.10.jar:/workspace/m2-repository/org/jboss/spec/javax/xml/bind/jboss-jaxb-api_2.3_spec/2.0.0.Final/jboss-jaxb-api_2.3_spec-2.0.0.Final.jar:/workspace/m2-repository/jakarta/persistence/jakarta.persistence-api/2.2.3/jakarta.persistence-api-2.2.3.jar:/workspace/m2-repository/jakarta/transaction/jakarta.transaction-api/1.3.3/jakarta.transaction-api-1.3.3.jar:/workspace/m2-repository/org/hibernate/quarkus-local-cache/0.1.0/quarkus-local-cache-0.1.0.jar:/workspace/m2-repository/com/github/ben-manes/caffeine/caffeine/2.8.0/caffeine-2.8.0.jar:/workspace/m2-repository/org/checkerframework/checker-qual/2.5.2/checker-qual-2.5.2.jar:/workspace/m2-repository/com/google/errorprone/error_prone_annotations/2.2.0/error_prone_annotations-2.2.0.jar:/workspace/m2-repository/io/quarkus/quarkus-caffeine/1.2.0.Final/quarkus-caffeine-1.2.0.Final.jar:/workspace/m2-repository/io/quarkus/quarkus-arc/1.2.0.Final/quarkus-arc-1.2.0.Final.jar:/workspace/m2-repository/io/quarkus/arc/arc/1.2.0.Final/arc-1.2.0.Final.jar:/workspace/m2-repository/org/eclipse/microprofile/context-propagation/microprofile-context-propagation-api/1.0.1/microprofile-context-propagation-api-1.0.1.jar:/workspace/m2-repository/io/quarkus/quarkus-panache-common/1.2.0.Final/quarkus-panache-common-1.2.0.Final.jar:/workspace/m2-repository/io/quarkus/quarkus-jdbc-postgresql/1.2.0.Final/quarkus-jdbc-postgresql-1.2.0.Final.jar:/workspace/m2-repository/org/postgresql/postgresql/42.2.9/postgresql-42.2.9.jar:/workspace/m2-repository/io/quarkus/quarkus-hibernate-validator/1.2.0.Final/quarkus-hibernate-validator-1.2.0.Final.jar:/workspace/m2-repository/org/hibernate/validator/hibernate-validator/6.1.1.Final/hibernate-validator-6.1.1.Final.jar:/workspace/m2-repository/com/fasterxml/classmate/1.3.4/classmate-1.3.4.jar:/workspace/m2-repository/org/glassfish/jakarta.el/3.0.3/jakarta.el-3.0.3.jar:/workspace/m2-repository/io/quarkus/quarkus-smallrye-openapi/1.2.0.Final/quarkus-smallrye-openapi-1.2.0.Final.jar:/workspace/m2-repository/io/smallrye/smallrye-open-api/1.1.20/smallrye-open-api-1.1.20.jar:/workspace/m2-repository/org/eclipse/microprofile/openapi/microprofile-openapi-api/1.1.2/microprofile-openapi-api-1.1.2.jar:/workspace/m2-repository/org/eclipse/microprofile/config/microprofile-config-api/1.3/microprofile-config-api-1.3.jar:/workspace/m2-repository/com/fasterxml/jackson/dataformat/jackson-dataformat-yaml/2.10.2/jackson-dataformat-yaml-2.10.2.jar:/workspace/m2-repository/org/yaml/snakeyaml/1.24/snakeyaml-1.24.jar:/workspace/m2-repository/org/jboss/jandex/2.1.2.Final/jandex-2.1.2.Final.jar:/workspace/m2-repository/org/jboss/shrinkwrap/shrinkwrap-api/1.2.6/shrinkwrap-api-1.2.6.jar:/workspace/m2-repository/io/quarkus/quarkus-swagger-ui/1.2.0.Final/quarkus-swagger-ui-1.2.0.Final.jar:/workspace/m2-repository/io/quarkus/quarkus-smallrye-health/1.2.0.Final/quarkus-smallrye-health-1.2.0.Final.jar:/workspace/m2-repository/io/smallrye/smallrye-health/2.1.0/smallrye-health-2.1.0.jar:/workspace/m2-repository/org/eclipse/microprofile/health/microprofile-health-api/2.1/microprofile-health-api-2.1.jar:/workspace/m2-repository/jakarta/inject/jakarta.inject-api/1.0/jakarta.inject-api-1.0.jar:/workspace/m2-repository/io/quarkus/quarkus-jsonp/1.2.0.Final/quarkus-jsonp-1.2.0.Final.jar:/workspace/m2-repository/io/quarkus/quarkus-smallrye-metrics/1.2.0.Final/quarkus-smallrye-metrics-1.2.0.Final.jar:/workspace/m2-repository/io/smallrye/smallrye-metrics/2.3.2/smallrye-metrics-2.3.2.jar:/workspace/m2-repository/org/eclipse/microprofile/metrics/microprofile-metrics-api/2.2.1/microprofile-metrics-api-2.2.1.jar:/workspace/m2-repository/io/quarkus/quarkus-junit5/1.2.0.Final/quarkus-junit5-1.2.0.Final.jar:/workspace/m2-repository/io/quarkus/quarkus-bootstrap-core/1.2.0.Final/quarkus-bootstrap-core-1.2.0.Final.jar:/workspace/m2-repository/org/apache/maven/maven-embedder/3.5.4/maven-embedder-3.5.4.jar:/workspace/m2-repository/org/apache/maven/maven-settings/3.5.4/maven-settings-3.5.4.jar:/workspace/m2-repository/org/apache/maven/maven-core/3.5.4/maven-core-3.5.4.jar:/workspace/m2-repository/org/apache/maven/maven-artifact/3.5.4/maven-artifact-3.5.4.jar:/workspace/m2-repository/org/apache/maven/maven-plugin-api/3.5.4/maven-plugin-api-3.5.4.jar:/workspace/m2-repository/org/apache/maven/maven-model/3.5.4/maven-model-3.5.4.jar:/workspace/m2-repository/org/apache/maven/maven-model-builder/3.5.4/maven-model-builder-3.5.4.jar:/workspace/m2-repository/org/apache/maven/maven-builder-support/3.5.4/maven-builder-support-3.5.4.jar:/workspace/m2-repository/org/apache/maven/resolver/maven-resolver-api/1.1.1/maven-resolver-api-1.1.1.jar:/workspace/m2-repository/org/apache/maven/resolver/maven-resolver-util/1.1.1/maven-resolver-util-1.1.1.jar:/workspace/m2-repository/org/apache/maven/shared/maven-shared-utils/3.2.1/maven-shared-utils-3.2.1.jar:/workspace/m2-repository/com/google/inject/guice/4.2.0/guice-4.2.0-no_aop.jar:/workspace/m2-repository/aopalliance/aopalliance/1.0/aopalliance-1.0.jar:/workspace/m2-repository/com/google/guava/guava/27.0.1-jre/guava-27.0.1-jre.jar:/workspace/m2-repository/com/google/guava/failureaccess/1.0.1/failureaccess-1.0.1.jar:/workspace/m2-repository/com/google/guava/listenablefuture/9999.0-empty-to-avoid-conflict-with-guava/listenablefuture-9999.0-empty-to-avoid-conflict-with-guava.jar:/workspace/m2-repository/com/google/code/findbugs/jsr305/3.0.2/jsr305-3.0.2.jar:/workspace/m2-repository/com/google/j2objc/j2objc-annotations/1.1/j2objc-annotations-1.1.jar:/workspace/m2-repository/org/codehaus/mojo/animal-sniffer-annotations/1.17/animal-sniffer-annotations-1.17.jar:/workspace/m2-repository/org/codehaus/plexus/plexus-utils/3.0.24/plexus-utils-3.0.24.jar:/workspace/m2-repository/org/codehaus/plexus/plexus-classworlds/2.5.2/plexus-classworlds-2.5.2.jar:/workspace/m2-repository/org/eclipse/sisu/org.eclipse.sisu.plexus/0.3.3/org.eclipse.sisu.plexus-0.3.3.jar:/workspace/m2-repository/org/codehaus/plexus/plexus-component-annotations/1.7.1/plexus-component-annotations-1.7.1.jar:/workspace/m2-repository/commons-cli/commons-cli/1.4/commons-cli-1.4.jar:/workspace/m2-repository/org/apache/maven/maven-settings-builder/3.5.4/maven-settings-builder-3.5.4.jar:/workspace/m2-repository/org/codehaus/plexus/plexus-interpolation/1.24/plexus-interpolation-1.24.jar:/workspace/m2-repository/org/sonatype/plexus/plexus-sec-dispatcher/1.4/plexus-sec-dispatcher-1.4.jar:/workspace/m2-repository/org/sonatype/plexus/plexus-cipher/1.4/plexus-cipher-1.4.jar:/workspace/m2-repository/org/apache/maven/maven-resolver-provider/3.5.4/maven-resolver-provider-3.5.4.jar:/workspace/m2-repository/org/apache/maven/maven-repository-metadata/3.5.4/maven-repository-metadata-3.5.4.jar:/workspace/m2-repository/org/apache/maven/resolver/maven-resolver-spi/1.1.1/maven-resolver-spi-1.1.1.jar:/workspace/m2-repository/org/apache/maven/resolver/maven-resolver-impl/1.1.1/maven-resolver-impl-1.1.1.jar:/workspace/m2-repository/org/apache/maven/resolver/maven-resolver-connector-basic/1.1.1/maven-resolver-connector-basic-1.1.1.jar:/workspace/m2-repository/org/apache/maven/resolver/maven-resolver-transport-wagon/1.1.1/maven-resolver-transport-wagon-1.1.1.jar:/workspace/m2-repository/org/apache/maven/wagon/wagon-provider-api/3.0.0/wagon-provider-api-3.0.0.jar:/workspace/m2-repository/org/apache/maven/wagon/wagon-http/3.0.0/wagon-http-3.0.0.jar:/workspace/m2-repository/org/apache/maven/wagon/wagon-http-shared/3.0.0/wagon-http-shared-3.0.0.jar:/workspace/m2-repository/org/jsoup/jsoup/1.7.2/jsoup-1.7.2.jar:/workspace/m2-repository/org/apache/maven/wagon/wagon-file/3.0.0/wagon-file-3.0.0.jar:/workspace/m2-repository/org/jboss/logging/commons-logging-jboss-logging/1.0.0.Final/commons-logging-jboss-logging-1.0.0.Final.jar:/workspace/m2-repository/io/quarkus/quarkus-test-common/1.2.0.Final/quarkus-test-common-1.2.0.Final.jar:/workspace/m2-repository/io/quarkus/quarkus-core-deployment/1.2.0.Final/quarkus-core-deployment-1.2.0.Final.jar:/workspace/m2-repository/io/quarkus/gizmo/gizmo/1.0.1.Final/gizmo-1.0.1.Final.jar:/workspace/m2-repository/org/ow2/asm/asm-util/7.1/asm-util-7.1.jar:/workspace/m2-repository/org/ow2/asm/asm-tree/7.1/asm-tree-7.1.jar:/workspace/m2-repository/org/ow2/asm/asm-analysis/7.1/asm-analysis-7.1.jar:/workspace/m2-repository/org/ow2/asm/asm/7.1/asm-7.1.jar:/workspace/m2-repository/io/quarkus/quarkus-builder/1.2.0.Final/quarkus-builder-1.2.0.Final.jar:/workspace/m2-repository/io/quarkus/quarkus-jsonp-deployment/1.2.0.Final/quarkus-jsonp-deployment-1.2.0.Final.jar:/workspace/m2-repository/org/junit/jupiter/junit-jupiter/5.5.2/junit-jupiter-5.5.2.jar:/workspace/m2-repository/org/junit/jupiter/junit-jupiter-params/5.5.2/junit-jupiter-params-5.5.2.jar:/workspace/m2-repository/org/junit/jupiter/junit-jupiter-engine/5.5.2/junit-jupiter-engine-5.5.2.jar:/workspace/m2-repository/org/junit/platform/junit-platform-engine/1.5.2/junit-platform-engine-1.5.2.jar:/workspace/m2-repository/io/rest-assured/rest-assured/4.1.2/rest-assured-4.1.2.jar:/workspace/m2-repository/org/codehaus/groovy/groovy/2.5.8/groovy-2.5.8.jar:/workspace/m2-repository/org/codehaus/groovy/groovy-xml/2.5.8/groovy-xml-2.5.8.jar:/workspace/m2-repository/org/apache/httpcomponents/httpclient/4.5.10/httpclient-4.5.10.jar:/workspace/m2-repository/org/apache/httpcomponents/httpcore/4.4.13/httpcore-4.4.13.jar:/workspace/m2-repository/commons-codec/commons-codec/1.13/commons-codec-1.13.jar:/workspace/m2-repository/org/apache/httpcomponents/httpmime/4.5.3/httpmime-4.5.3.jar:/workspace/m2-repository/org/hamcrest/hamcrest/2.1/hamcrest-2.1.jar:/workspace/m2-repository/org/ccil/cowan/tagsoup/tagsoup/1.2.1/tagsoup-1.2.1.jar:/workspace/m2-repository/io/rest-assured/json-path/4.1.2/json-path-4.1.2.jar:/workspace/m2-repository/org/codehaus/groovy/groovy-json/2.5.8/groovy-json-2.5.8.jar:/workspace/m2-repository/io/rest-assured/rest-assured-common/4.1.2/rest-assured-common-4.1.2.jar:/workspace/m2-repository/io/rest-assured/xml-path/4.1.2/xml-path-4.1.2.jar:/workspace/m2-repository/org/apache/commons/commons-lang3/3.9/commons-lang3-3.9.jar:/workspace/m2-repository/javax/xml/bind/jaxb-api/2.3.1/jaxb-api-2.3.1.jar:/workspace/m2-repository/org/apache/sling/org.apache.sling.javax.activation/0.1.0/org.apache.sling.javax.activation-0.1.0.jar:/workspace/m2-repository/com/fasterxml/jackson/core/jackson-databind/2.10.2/jackson-databind-2.10.2.jar:/workspace/m2-repository/com/fasterxml/jackson/core/jackson-annotations/2.10.2/jackson-annotations-2.10.2.jar:/workspace/m2-repository/com/fasterxml/jackson/core/jackson-core/2.10.2/jackson-core-2.10.2.jar:/workspace/m2-repository/org/testcontainers/junit-jupiter/1.12.2/junit-jupiter-1.12.2.jar:/workspace/m2-repository/org/testcontainers/testcontainers/1.12.4/testcontainers-1.12.4.jar:/workspace/m2-repository/junit/junit/4.12/junit-4.12.jar:/workspace/m2-repository/org/hamcrest/hamcrest-core/1.3/hamcrest-core-1.3.jar:/workspace/m2-repository/org/jetbrains/annotations/17.0.0/annotations-17.0.0.jar:/workspace/m2-repository/javax/annotation/javax.annotation-api/1.3.2/javax.annotation-api-1.3.2.jar:/workspace/m2-repository/org/apache/commons/commons-compress/1.19/commons-compress-1.19.jar:/workspace/m2-repository/org/rnorth/duct-tape/duct-tape/1.0.8/duct-tape-1.0.8.jar:/workspace/m2-repository/org/rnorth/visible-assertions/visible-assertions/2.1.2/visible-assertions-2.1.2.jar:/workspace/m2-repository/org/rnorth/tcp-unix-socket-proxy/1.0.2/tcp-unix-socket-proxy-1.0.2.jar:/workspace/m2-repository/com/kohlschutter/junixsocket/junixsocket-native-common/2.0.4/junixsocket-native-common-2.0.4.jar:/workspace/m2-repository/org/scijava/native-lib-loader/2.0.2/native-lib-loader-2.0.2.jar:/workspace/m2-repository/com/kohlschutter/junixsocket/junixsocket-common/2.0.4/junixsocket-common-2.0.4.jar:/workspace/m2-repository/net/java/dev/jna/jna-platform/5.5.0/jna-platform-5.5.0.jar:/workspace/m2-repository/net/java/dev/jna/jna/5.3.1/jna-5.3.1.jar:/workspace/m2-repository/org/junit/jupiter/junit-jupiter-api/5.5.2/junit-jupiter-api-5.5.2.jar:/workspace/m2-repository/org/apiguardian/apiguardian-api/1.1.0/apiguardian-api-1.1.0.jar:/workspace/m2-repository/org/opentest4j/opentest4j/1.2.0/opentest4j-1.2.0.jar:/workspace/m2-repository/org/junit/platform/junit-platform-commons/1.5.2/junit-platform-commons-1.5.2.jar:/workspace/m2-repository/org/testcontainers/postgresql/1.12.2/postgresql-1.12.2.jar:/workspace/m2-repository/org/testcontainers/jdbc/1.12.2/jdbc-1.12.2.jar:/workspace/m2-repository/org/testcontainers/database-commons/1.12.2/database-commons-1.12.2.jar:"/>
    <property name="sun.cpu.endian" value="little"/>
    <property name="user.home" value="/home/gitpod"/>
    <property name="user.language" value="en"/>
    <property name="java.specification.vendor" value="Oracle Corporation"/>
    <property name="java.version.date" value="2020-01-14"/>
    <property name="java.home" value="/home/gitpod/.sdkman/candidates/java/11.0.6.fx-zulu"/>
    <property name="file.separator" value="/"/>
    <property name="basedir" value="/workspace/rquarkusweb/quarkus-super-heroes-workshop/super-heroes/rest-villain"/>
    <property name="java.vm.compressedOopsMode" value="Zero based"/>
    <property name="line.separator" value="&#10;"/>
    <property name="java.specification.name" value="Java Platform API Specification"/>
    <property name="java.vm.specification.vendor" value="Oracle Corporation"/>
    <property name="java.awt.graphicsenv" value="sun.awt.X11GraphicsEnvironment"/>
    <property name="surefire.real.class.path" value="/workspace/rquarkusweb/quarkus-super-heroes-workshop/super-heroes/rest-villain/target/surefire/surefirebooter13548333252719181662.jar"/>
    <property name="sun.management.compiler" value="HotSpot 64-Bit Tiered Compilers"/>
    <property name="java.runtime.version" value="11.0.6+10-LTS"/>
    <property name="user.name" value="gitpod"/>
    <property name="path.separator" value=":"/>
    <property name="os.version" value="4.14.174+"/>
    <property name="java.runtime.name" value="OpenJDK Runtime Environment"/>
    <property name="file.encoding" value="UTF-8"/>
    <property name="java.vm.name" value="OpenJDK 64-Bit Server VM"/>
    <property name="java.vendor.version" value="Zulu11.37+19-CA"/>
    <property name="localRepository" value="/workspace/m2-repository"/>
    <property name="java.vendor.url.bug" value="http://www.azulsystems.com/support/"/>
    <property name="java.io.tmpdir" value="/tmp"/>
    <property name="java.version" value="11.0.6"/>
    <property name="user.dir" value="/workspace/rquarkusweb/quarkus-super-heroes-workshop/super-heroes/rest-villain"/>
    <property name="os.arch" value="amd64"/>
    <property name="java.vm.specification.name" value="Java Virtual Machine Specification"/>
    <property name="java.awt.printerjob" value="sun.print.PSPrinterJob"/>
    <property name="sun.os.patch.level" value="unknown"/>
    <property name="java.util.logging.manager" value="org.jboss.logmanager.LogManager"/>
    <property name="java.library.path" value="/usr/java/packages/lib:/usr/lib64:/lib64:/lib:/usr/lib"/>
    <property name="java.vendor" value="Azul Systems, Inc."/>
    <property name="java.vm.info" value="mixed mode"/>
    <property name="java.vm.version" value="11.0.6+10-LTS"/>
    <property name="sun.io.unicode.encoding" value="UnicodeLittle"/>
    <property name="java.class.version" value="55.0"/>
  </properties>
  <testcase name="shouldGetInitialItems" classname="io.quarkus.workshop.superheroes.villain.VillainResourceTest" time="0.014">
    <error message="TestInstanceFactory [io.quarkus.test.junit.QuarkusTestExtension] failed to instantiate test class [io.quarkus.workshop.superheroes.villain.VillainResourceTest]: Unable to start Quarkus test resource io.quarkus.workshop.superheroes.villain.DatabaseResource@c96a4ea" type="org.junit.jupiter.api.extension.TestInstantiationException">org.junit.jupiter.api.extension.TestInstantiationException: TestInstanceFactory [io.quarkus.test.junit.QuarkusTestExtension] failed to instantiate test class [io.quarkus.workshop.superheroes.villain.VillainResourceTest]: Unable to start Quarkus test resource io.quarkus.workshop.superheroes.villain.DatabaseResource@c96a4ea
Caused by: java.lang.RuntimeException: Unable to start Quarkus test resource io.quarkus.workshop.superheroes.villain.DatabaseResource@c96a4ea
Caused by: org.testcontainers.containers.ContainerLaunchException: Container startup failed
Caused by: org.testcontainers.containers.ContainerFetchException: Can't get Docker image: RemoteDockerImage(imageNameFuture=java.util.concurrent.CompletableFuture@39ce27f2[Completed normally], imagePullPolicy=DefaultPullPolicy(), dockerClient=LazyDockerClient.INSTANCE)
Caused by: java.lang.IllegalStateException: Could not find a valid Docker environment. Please see logs and check configuration
</error>
  </testcase>
  <testcase name="shouldAddAnItem" classname="io.quarkus.workshop.superheroes.villain.VillainResourceTest" time="1.367">
    <failure message="1 expectation failed.&#10;Expected status code &lt;201&gt; but was &lt;404&gt;.&#10;" type="java.lang.AssertionError"><![CDATA[java.lang.AssertionError: 
1 expectation failed.
Expected status code <201> but was <404>.

	at io.quarkus.workshop.superheroes.villain.VillainResourceTest.shouldAddAnItem(VillainResourceTest.java:164)
]]></failure>
  </testcase>
  <testcase name="testUpdatingAnItem" classname="io.quarkus.workshop.superheroes.villain.VillainResourceTest" time="0.001">
    <error type="java.lang.NumberFormatException:">java.lang.NumberFormatException: null
	at io.quarkus.workshop.superheroes.villain.VillainResourceTest.testUpdatingAnItem(VillainResourceTest.java:196)
</error>
  </testcase>
  <testcase name="shouldRemoveAnItem" classname="io.quarkus.workshop.superheroes.villain.VillainResourceTest" time="0.003">
    <error message="parameterValue cannot be null" type="java.lang.IllegalArgumentException">java.lang.IllegalArgumentException: parameterValue cannot be null
	at io.quarkus.workshop.superheroes.villain.VillainResourceTest.shouldRemoveAnItem(VillainResourceTest.java:229)
</error>
  </testcase>
  <testcase name="shouldGetRandomVillain" classname="io.quarkus.workshop.superheroes.villain.VillainResourceTest" time="0.04">
    <failure message="1 expectation failed.&#10;Expected status code &lt;200&gt; but was &lt;404&gt;.&#10;" type="java.lang.AssertionError"><![CDATA[java.lang.AssertionError: 
1 expectation failed.
Expected status code <200> but was <404>.

	at io.quarkus.workshop.superheroes.villain.VillainResourceTest.shouldGetRandomVillain(VillainResourceTest.java:114)
]]></failure>
  </testcase>
  <testcase name="shouldPingSwaggerUI" classname="io.quarkus.workshop.superheroes.villain.VillainResourceTest" time="0.04"/>
  <testcase name="shouldPingMetrics" classname="io.quarkus.workshop.superheroes.villain.VillainResourceTest" time="0.028">
    <failure message="1 expectation failed.&#10;Expected status code &lt;200&gt; but was &lt;204&gt;.&#10;" type="java.lang.AssertionError"><![CDATA[java.lang.AssertionError: 
1 expectation failed.
Expected status code <200> but was <204>.

	at io.quarkus.workshop.superheroes.villain.VillainResourceTest.shouldPingMetrics(VillainResourceTest.java:86)
]]></failure>
  </testcase>
  <testcase name="shouldPingReadiness" classname="io.quarkus.workshop.superheroes.villain.VillainResourceTest" time="0.068">
    <failure message="1 expectation failed.&#10;Expected status code &lt;200&gt; but was &lt;503&gt;.&#10;" type="java.lang.AssertionError"><![CDATA[java.lang.AssertionError: 
1 expectation failed.
Expected status code <200> but was <503>.

	at io.quarkus.workshop.superheroes.villain.VillainResourceTest.shouldPingReadiness(VillainResourceTest.java:75)
]]></failure>
  </testcase>
  <testcase name="shouldNotAddInvalidItem" classname="io.quarkus.workshop.superheroes.villain.VillainResourceTest" time="0.024">
    <failure message="1 expectation failed.&#10;Expected status code &lt;400&gt; but was &lt;404&gt;.&#10;" type="java.lang.AssertionError"><![CDATA[java.lang.AssertionError: 
1 expectation failed.
Expected status code <400> but was <404>.

	at io.quarkus.workshop.superheroes.villain.VillainResourceTest.shouldNotAddInvalidItem(VillainResourceTest.java:134)
]]></failure>
  </testcase>
  <testcase name="shouldPingLiveness" classname="io.quarkus.workshop.superheroes.villain.VillainResourceTest" time="0.017">
    <failure message="1 expectation failed.&#10;Expected status code &lt;200&gt; but was &lt;503&gt;.&#10;" type="java.lang.AssertionError"><![CDATA[java.lang.AssertionError: 
1 expectation failed.
Expected status code <200> but was <503>.

	at io.quarkus.workshop.superheroes.villain.VillainResourceTest.shouldPingLiveness(VillainResourceTest.java:67)
]]></failure>
  </testcase>
  <testcase name="shouldNotGetUnknownVillain" classname="io.quarkus.workshop.superheroes.villain.VillainResourceTest" time="0.052">
    <failure message="1 expectation failed.&#10;Expected status code &lt;204&gt; but was &lt;404&gt;.&#10;" type="java.lang.AssertionError"><![CDATA[java.lang.AssertionError: 
1 expectation failed.
Expected status code <204> but was <404>.

	at io.quarkus.workshop.superheroes.villain.VillainResourceTest.shouldNotGetUnknownVillain(VillainResourceTest.java:106)
]]></failure>
  </testcase>
  <testcase name="testHelloEndpoint" classname="io.quarkus.workshop.superheroes.villain.VillainResourceTest" time="0.028">
    <failure message="1 expectation failed.&#10;Expected status code &lt;200&gt; but was &lt;404&gt;.&#10;" type="java.lang.AssertionError"><![CDATA[java.lang.AssertionError: 
1 expectation failed.
Expected status code <200> but was <404>.

	at io.quarkus.workshop.superheroes.villain.VillainResourceTest.testHelloEndpoint(VillainResourceTest.java:95)
]]></failure>
  </testcase>
  <testcase name="shouldPingOpenAPI" classname="io.quarkus.workshop.superheroes.villain.VillainResourceTest" time="0.18"/>
</testsuite>