<?xml version="1.0" encoding="UTF-8"?>
<testsuite xmlns:xsi="http://www.w3.org/2001/XMLSchema-instance" xsi:noNamespaceSchemaLocation="https://maven.apache.org/surefire/maven-surefire-plugin/xsd/surefire-test-report-3.0.xsd" version="3.0" name="org.tuv01.GreetingResourceTest" time="4.819" tests="2" errors="1" skipped="1" failures="0">
  <properties>
    <property name="awt.toolkit" value="sun.awt.X11.XToolkit"/>
    <property name="java.specification.version" value="11"/>
    <property name="sun.cpu.isalist" value=""/>
    <property name="sun.jnu.encoding" value="UTF-8"/>
    <property name="java.class.path" value="/workspace/rquarkusweb/target/test-classes:/workspace/rquarkusweb/target/classes:/workspace/m2-repository/io/quarkus/quarkus-resteasy/1.8.1.Final/quarkus-resteasy-1.8.1.Final.jar:/workspace/m2-repository/io/quarkus/quarkus-vertx-http/1.8.1.Final/quarkus-vertx-http-1.8.1.Final.jar:/workspace/m2-repository/io/quarkus/quarkus-security-runtime-spi/1.8.1.Final/quarkus-security-runtime-spi-1.8.1.Final.jar:/workspace/m2-repository/io/quarkus/quarkus-development-mode-spi/1.8.1.Final/quarkus-development-mode-spi-1.8.1.Final.jar:/workspace/m2-repository/io/quarkus/security/quarkus-security/1.1.2.Final/quarkus-security-1.1.2.Final.jar:/workspace/m2-repository/io/quarkus/quarkus-vertx-core/1.8.1.Final/quarkus-vertx-core-1.8.1.Final.jar:/workspace/m2-repository/io/vertx/vertx-web/3.9.2/vertx-web-3.9.2.jar:/workspace/m2-repository/io/vertx/vertx-web-common/3.9.2/vertx-web-common-3.9.2.jar:/workspace/m2-repository/io/vertx/vertx-auth-common/3.9.2/vertx-auth-common-3.9.2.jar:/workspace/m2-repository/io/vertx/vertx-bridge-common/3.9.2/vertx-bridge-common-3.9.2.jar:/workspace/m2-repository/io/quarkus/quarkus-resteasy-server-common/1.8.1.Final/quarkus-resteasy-server-common-1.8.1.Final.jar:/workspace/m2-repository/jakarta/validation/jakarta.validation-api/2.0.2/jakarta.validation-api-2.0.2.jar:/workspace/m2-repository/io/quarkus/quarkus-resteasy-jackson/1.8.1.Final/quarkus-resteasy-jackson-1.8.1.Final.jar:/workspace/m2-repository/io/quarkus/quarkus-jackson/1.8.1.Final/quarkus-jackson-1.8.1.Final.jar:/workspace/m2-repository/org/jboss/resteasy/resteasy-jackson2-provider/4.5.6.Final/resteasy-jackson2-provider-4.5.6.Final.jar:/workspace/m2-repository/org/jboss/resteasy/resteasy-jaxb-provider/4.5.6.Final/resteasy-jaxb-provider-4.5.6.Final.jar:/workspace/m2-repository/org/glassfish/jaxb/jaxb-runtime/2.3.3-b02/jaxb-runtime-2.3.3-b02.jar:/workspace/m2-repository/org/glassfish/jaxb/txw2/2.3.3-b02/txw2-2.3.3-b02.jar:/workspace/m2-repository/com/sun/istack/istack-commons-runtime/3.0.10/istack-commons-runtime-3.0.10.jar:/workspace/m2-repository/com/fasterxml/jackson/jaxrs/jackson-jaxrs-json-provider/2.11.2/jackson-jaxrs-json-provider-2.11.2.jar:/workspace/m2-repository/com/fasterxml/jackson/jaxrs/jackson-jaxrs-base/2.11.2/jackson-jaxrs-base-2.11.2.jar:/workspace/m2-repository/com/fasterxml/jackson/module/jackson-module-jaxb-annotations/2.11.2/jackson-module-jaxb-annotations-2.11.2.jar:/workspace/m2-repository/com/github/fge/json-patch/1.9/json-patch-1.9.jar:/workspace/m2-repository/com/github/fge/jackson-coreutils/1.6/jackson-coreutils-1.6.jar:/workspace/m2-repository/com/github/fge/msg-simple/1.1/msg-simple-1.1.jar:/workspace/m2-repository/com/github/fge/btf/1.2/btf-1.2.jar:/workspace/m2-repository/com/google/guava/guava/29.0-jre/guava-29.0-jre.jar:/workspace/m2-repository/com/google/guava/failureaccess/1.0.1/failureaccess-1.0.1.jar:/workspace/m2-repository/com/google/guava/listenablefuture/9999.0-empty-to-avoid-conflict-with-guava/listenablefuture-9999.0-empty-to-avoid-conflict-with-guava.jar:/workspace/m2-repository/org/jboss/logging/jboss-logging/3.3.2.Final/jboss-logging-3.3.2.Final.jar:/workspace/m2-repository/org/jboss/spec/javax/xml/bind/jboss-jaxb-api_2.3_spec/2.0.0.Final/jboss-jaxb-api_2.3_spec-2.0.0.Final.jar:/workspace/m2-repository/com/fasterxml/jackson/module/jackson-module-parameter-names/2.11.2/jackson-module-parameter-names-2.11.2.jar:/workspace/m2-repository/com/fasterxml/jackson/core/jackson-core/2.11.2/jackson-core-2.11.2.jar:/workspace/m2-repository/com/fasterxml/jackson/core/jackson-databind/2.11.2/jackson-databind-2.11.2.jar:/workspace/m2-repository/com/fasterxml/jackson/datatype/jackson-datatype-jdk8/2.11.2/jackson-datatype-jdk8-2.11.2.jar:/workspace/m2-repository/com/fasterxml/jackson/datatype/jackson-datatype-jsr310/2.11.2/jackson-datatype-jsr310-2.11.2.jar:/workspace/m2-repository/com/fasterxml/jackson/core/jackson-annotations/2.11.2/jackson-annotations-2.11.2.jar:/workspace/m2-repository/io/quarkus/quarkus-junit5/1.8.1.Final/quarkus-junit5-1.8.1.Final.jar:/workspace/m2-repository/io/quarkus/quarkus-bootstrap-core/1.8.1.Final/quarkus-bootstrap-core-1.8.1.Final.jar:/workspace/m2-repository/io/quarkus/quarkus-bootstrap-app-model/1.8.1.Final/quarkus-bootstrap-app-model-1.8.1.Final.jar:/workspace/m2-repository/io/quarkus/quarkus-bootstrap-maven-resolver/1.8.1.Final/quarkus-bootstrap-maven-resolver-1.8.1.Final.jar:/workspace/m2-repository/org/apache/maven/maven-embedder/3.6.3/maven-embedder-3.6.3.jar:/workspace/m2-repository/org/apache/maven/maven-settings/3.6.3/maven-settings-3.6.3.jar:/workspace/m2-repository/org/apache/maven/maven-core/3.6.3/maven-core-3.6.3.jar:/workspace/m2-repository/org/apache/maven/maven-artifact/3.6.3/maven-artifact-3.6.3.jar:/workspace/m2-repository/org/codehaus/plexus/plexus-component-annotations/2.1.0/plexus-component-annotations-2.1.0.jar:/workspace/m2-repository/org/apache/maven/maven-plugin-api/3.6.3/maven-plugin-api-3.6.3.jar:/workspace/m2-repository/org/apache/maven/maven-model/3.6.3/maven-model-3.6.3.jar:/workspace/m2-repository/org/apache/maven/maven-model-builder/3.6.3/maven-model-builder-3.6.3.jar:/workspace/m2-repository/org/apache/maven/maven-builder-support/3.6.3/maven-builder-support-3.6.3.jar:/workspace/m2-repository/org/apache/maven/resolver/maven-resolver-api/1.4.1/maven-resolver-api-1.4.1.jar:/workspace/m2-repository/org/apache/maven/resolver/maven-resolver-util/1.4.1/maven-resolver-util-1.4.1.jar:/workspace/m2-repository/org/apache/maven/shared/maven-shared-utils/3.2.1/maven-shared-utils-3.2.1.jar:/workspace/m2-repository/com/google/inject/guice/4.2.1/guice-4.2.1-no_aop.jar:/workspace/m2-repository/org/codehaus/plexus/plexus-utils/3.2.1/plexus-utils-3.2.1.jar:/workspace/m2-repository/org/codehaus/plexus/plexus-classworlds/2.5.2/plexus-classworlds-2.5.2.jar:/workspace/m2-repository/commons-cli/commons-cli/1.4/commons-cli-1.4.jar:/workspace/m2-repository/org/eclipse/sisu/org.eclipse.sisu.plexus/0.3.4/org.eclipse.sisu.plexus-0.3.4.jar:/workspace/m2-repository/org/apache/maven/maven-settings-builder/3.6.3/maven-settings-builder-3.6.3.jar:/workspace/m2-repository/org/codehaus/plexus/plexus-interpolation/1.25/plexus-interpolation-1.25.jar:/workspace/m2-repository/org/sonatype/plexus/plexus-sec-dispatcher/1.4/plexus-sec-dispatcher-1.4.jar:/workspace/m2-repository/org/sonatype/plexus/plexus-cipher/1.4/plexus-cipher-1.4.jar:/workspace/m2-repository/org/apache/maven/maven-resolver-provider/3.6.3/maven-resolver-provider-3.6.3.jar:/workspace/m2-repository/org/apache/maven/maven-repository-metadata/3.6.3/maven-repository-metadata-3.6.3.jar:/workspace/m2-repository/org/apache/maven/resolver/maven-resolver-spi/1.4.1/maven-resolver-spi-1.4.1.jar:/workspace/m2-repository/org/apache/maven/resolver/maven-resolver-impl/1.4.1/maven-resolver-impl-1.4.1.jar:/workspace/m2-repository/org/apache/maven/resolver/maven-resolver-connector-basic/1.4.1/maven-resolver-connector-basic-1.4.1.jar:/workspace/m2-repository/org/apache/maven/resolver/maven-resolver-transport-wagon/1.4.1/maven-resolver-transport-wagon-1.4.1.jar:/workspace/m2-repository/org/apache/maven/wagon/wagon-http/3.3.4/wagon-http-3.3.4.jar:/workspace/m2-repository/org/apache/maven/wagon/wagon-http-shared/3.3.4/wagon-http-shared-3.3.4.jar:/workspace/m2-repository/org/jsoup/jsoup/1.12.1/jsoup-1.12.1.jar:/workspace/m2-repository/org/apache/maven/wagon/wagon-provider-api/3.3.4/wagon-provider-api-3.3.4.jar:/workspace/m2-repository/org/apache/maven/wagon/wagon-file/3.3.4/wagon-file-3.3.4.jar:/workspace/m2-repository/io/quarkus/quarkus-bootstrap-gradle-resolver/1.8.1.Final/quarkus-bootstrap-gradle-resolver-1.8.1.Final.jar:/workspace/m2-repository/io/smallrye/common/smallrye-common-io/1.3.0/smallrye-common-io-1.3.0.jar:/workspace/m2-repository/org/eclipse/sisu/org.eclipse.sisu.inject/0.3.4/org.eclipse.sisu.inject-0.3.4.jar:/workspace/m2-repository/io/quarkus/quarkus-test-common/1.8.1.Final/quarkus-test-common-1.8.1.Final.jar:/workspace/m2-repository/io/quarkus/quarkus-core-deployment/1.8.1.Final/quarkus-core-deployment-1.8.1.Final.jar:/workspace/m2-repository/io/quarkus/gizmo/gizmo/1.0.4.Final/gizmo-1.0.4.Final.jar:/workspace/m2-repository/org/ow2/asm/asm-util/8.0.1/asm-util-8.0.1.jar:/workspace/m2-repository/org/ow2/asm/asm-tree/8.0.1/asm-tree-8.0.1.jar:/workspace/m2-repository/org/ow2/asm/asm-analysis/8.0.1/asm-analysis-8.0.1.jar:/workspace/m2-repository/org/ow2/asm/asm/8.0.1/asm-8.0.1.jar:/workspace/m2-repository/io/quarkus/quarkus-devtools-utilities/1.8.1.Final/quarkus-devtools-utilities-1.8.1.Final.jar:/workspace/m2-repository/io/quarkus/quarkus-builder/1.8.1.Final/quarkus-builder-1.8.1.Final.jar:/workspace/m2-repository/io/quarkus/quarkus-jsonp-deployment/1.8.1.Final/quarkus-jsonp-deployment-1.8.1.Final.jar:/workspace/m2-repository/org/jboss/jandex/2.2.1.Final/jandex-2.2.1.Final.jar:/workspace/m2-repository/org/junit/jupiter/junit-jupiter/5.6.2/junit-jupiter-5.6.2.jar:/workspace/m2-repository/org/junit/jupiter/junit-jupiter-api/5.6.2/junit-jupiter-api-5.6.2.jar:/workspace/m2-repository/org/apiguardian/apiguardian-api/1.1.0/apiguardian-api-1.1.0.jar:/workspace/m2-repository/org/opentest4j/opentest4j/1.2.0/opentest4j-1.2.0.jar:/workspace/m2-repository/org/junit/platform/junit-platform-commons/1.6.2/junit-platform-commons-1.6.2.jar:/workspace/m2-repository/org/junit/jupiter/junit-jupiter-params/5.6.2/junit-jupiter-params-5.6.2.jar:/workspace/m2-repository/org/junit/jupiter/junit-jupiter-engine/5.6.2/junit-jupiter-engine-5.6.2.jar:/workspace/m2-repository/org/junit/platform/junit-platform-engine/1.6.2/junit-platform-engine-1.6.2.jar:/workspace/m2-repository/io/quarkus/quarkus-core/1.8.1.Final/quarkus-core-1.8.1.Final.jar:/workspace/m2-repository/jakarta/inject/jakarta.inject-api/1.0/jakarta.inject-api-1.0.jar:/workspace/m2-repository/io/quarkus/quarkus-ide-launcher/1.8.1.Final/quarkus-ide-launcher-1.8.1.Final.jar:/workspace/m2-repository/io/smallrye/config/smallrye-config/1.8.6/smallrye-config-1.8.6.jar:/workspace/m2-repository/io/smallrye/config/smallrye-config-common/1.8.6/smallrye-config-common-1.8.6.jar:/workspace/m2-repository/io/smallrye/common/smallrye-common-expression/1.1.0/smallrye-common-expression-1.1.0.jar:/workspace/m2-repository/io/smallrye/common/smallrye-common-function/1.1.0/smallrye-common-function-1.1.0.jar:/workspace/m2-repository/io/smallrye/common/smallrye-common-constraint/1.1.0/smallrye-common-constraint-1.1.0.jar:/workspace/m2-repository/org/jboss/logmanager/jboss-logmanager-embedded/1.0.4/jboss-logmanager-embedded-1.0.4.jar:/workspace/m2-repository/org/jboss/logging/jboss-logging-annotations/2.1.0.Final/jboss-logging-annotations-2.1.0.Final.jar:/workspace/m2-repository/org/jboss/threads/jboss-threads/3.1.1.Final/jboss-threads-3.1.1.Final.jar:/workspace/m2-repository/org/slf4j/slf4j-api/1.7.30/slf4j-api-1.7.30.jar:/workspace/m2-repository/org/jboss/slf4j/slf4j-jboss-logging/1.2.0.Final/slf4j-jboss-logging-1.2.0.Final.jar:/workspace/m2-repository/org/graalvm/sdk/graal-sdk/20.2.0/graal-sdk-20.2.0.jar:/workspace/m2-repository/org/wildfly/common/wildfly-common/1.5.4.Final-format-001/wildfly-common-1.5.4.Final-format-001.jar:/workspace/m2-repository/io/quarkus/quarkus-bootstrap-runner/1.8.1.Final/quarkus-bootstrap-runner-1.8.1.Final.jar:/workspace/m2-repository/com/thoughtworks/xstream/xstream/1.4.11.1/xstream-1.4.11.1.jar:/workspace/m2-repository/xmlpull/xmlpull/1.1.3.1/xmlpull-1.1.3.1.jar:/workspace/m2-repository/xpp3/xpp3_min/1.1.4c/xpp3_min-1.1.4c.jar:/workspace/m2-repository/io/rest-assured/rest-assured/4.3.0/rest-assured-4.3.0.jar:/workspace/m2-repository/org/codehaus/groovy/groovy/3.0.5/groovy-3.0.5.jar:/workspace/m2-repository/org/codehaus/groovy/groovy-xml/3.0.2/groovy-xml-3.0.2.jar:/workspace/m2-repository/org/apache/httpcomponents/httpclient/4.5.12/httpclient-4.5.12.jar:/workspace/m2-repository/org/apache/httpcomponents/httpcore/4.4.13/httpcore-4.4.13.jar:/workspace/m2-repository/commons-codec/commons-codec/1.14/commons-codec-1.14.jar:/workspace/m2-repository/org/apache/httpcomponents/httpmime/4.5.12/httpmime-4.5.12.jar:/workspace/m2-repository/org/hamcrest/hamcrest/2.1/hamcrest-2.1.jar:/workspace/m2-repository/org/ccil/cowan/tagsoup/tagsoup/1.2.1/tagsoup-1.2.1.jar:/workspace/m2-repository/io/rest-assured/json-path/4.3.0/json-path-4.3.0.jar:/workspace/m2-repository/org/codehaus/groovy/groovy-json/3.0.5/groovy-json-3.0.5.jar:/workspace/m2-repository/io/rest-assured/rest-assured-common/4.3.0/rest-assured-common-4.3.0.jar:/workspace/m2-repository/io/rest-assured/xml-path/4.3.0/xml-path-4.3.0.jar:/workspace/m2-repository/org/apache/commons/commons-lang3/3.9/commons-lang3-3.9.jar:/workspace/m2-repository/jakarta/xml/bind/jakarta.xml.bind-api/2.3.2/jakarta.xml.bind-api-2.3.2.jar:/workspace/m2-repository/jakarta/activation/jakarta.activation-api/1.2.1/jakarta.activation-api-1.2.1.jar:/workspace/m2-repository/org/apache/sling/org.apache.sling.javax.activation/0.1.0/org.apache.sling.javax.activation-0.1.0.jar:/workspace/m2-repository/io/quarkus/quarkus-rest-client-jsonb/1.8.1.Final/quarkus-rest-client-jsonb-1.8.1.Final.jar:/workspace/m2-repository/io/quarkus/quarkus-jsonb/1.8.1.Final/quarkus-jsonb-1.8.1.Final.jar:/workspace/m2-repository/org/eclipse/yasson/1.0.8/yasson-1.0.8.jar:/workspace/m2-repository/org/jboss/resteasy/resteasy-json-binding-provider/4.5.6.Final/resteasy-json-binding-provider-4.5.6.Final.jar:/workspace/m2-repository/org/glassfish/jakarta.json/1.1.6/jakarta.json-1.1.6.jar:/workspace/m2-repository/jakarta/json/bind/jakarta.json.bind-api/1.0.2/jakarta.json.bind-api-1.0.2.jar:/workspace/m2-repository/org/jboss/resteasy/resteasy-json-p-provider/4.5.6.Final/resteasy-json-p-provider-4.5.6.Final.jar:/workspace/m2-repository/commons-io/commons-io/2.7/commons-io-2.7.jar:/workspace/m2-repository/io/quarkus/quarkus-smallrye-reactive-messaging-mqtt/1.8.1.Final/quarkus-smallrye-reactive-messaging-mqtt-1.8.1.Final.jar:/workspace/m2-repository/io/smallrye/reactive/smallrye-reactive-messaging-mqtt/2.3.0/smallrye-reactive-messaging-mqtt-2.3.0.jar:/workspace/m2-repository/io/smallrye/reactive/smallrye-mutiny-vertx-mqtt/1.1.0/smallrye-mutiny-vertx-mqtt-1.1.0.jar:/workspace/m2-repository/io/vertx/vertx-mqtt/3.9.2/vertx-mqtt-3.9.2.jar:/workspace/m2-repository/io/netty/netty-codec-mqtt/4.1.49.Final/netty-codec-mqtt-4.1.49.Final.jar:/workspace/m2-repository/io/smallrye/reactive/smallrye-reactive-converter-api/1.1.0/smallrye-reactive-converter-api-1.1.0.jar:/workspace/m2-repository/io/smallrye/reactive/mutiny/0.7.0/mutiny-0.7.0.jar:/workspace/m2-repository/io/quarkus/quarkus-mutiny-reactive-streams-operators/1.8.1.Final/quarkus-mutiny-reactive-streams-operators-1.8.1.Final.jar:/workspace/m2-repository/org/eclipse/microprofile/reactive-streams-operators/microprofile-reactive-streams-operators-api/1.0.1/microprofile-reactive-streams-operators-api-1.0.1.jar:/workspace/m2-repository/org/eclipse/microprofile/reactive-streams-operators/microprofile-reactive-streams-operators-core/1.0.1/microprofile-reactive-streams-operators-core-1.0.1.jar:/workspace/m2-repository/io/quarkus/quarkus-mutiny/1.8.1.Final/quarkus-mutiny-1.8.1.Final.jar:/workspace/m2-repository/io/smallrye/reactive/mutiny-reactive-streams-operators/0.7.0/mutiny-reactive-streams-operators-0.7.0.jar:/workspace/m2-repository/io/smallrye/reactive/mutiny-context-propagation/0.7.0/mutiny-context-propagation-0.7.0.jar:/workspace/m2-repository/io/quarkus/quarkus-vertx/1.8.1.Final/quarkus-vertx-1.8.1.Final.jar:/workspace/m2-repository/io/quarkus/quarkus-netty/1.8.1.Final/quarkus-netty-1.8.1.Final.jar:/workspace/m2-repository/io/netty/netty-codec/4.1.49.Final/netty-codec-4.1.49.Final.jar:/workspace/m2-repository/io/netty/netty-handler/4.1.49.Final/netty-handler-4.1.49.Final.jar:/workspace/m2-repository/io/smallrye/reactive/smallrye-axle-generator/1.1.0/smallrye-axle-generator-1.1.0.jar:/workspace/m2-repository/io/smallrye/reactive/smallrye-axle-core/1.1.0/smallrye-axle-core-1.1.0.jar:/workspace/m2-repository/io/vertx/vertx-rx-java2/3.9.2/vertx-rx-java2-3.9.2.jar:/workspace/m2-repository/io/vertx/vertx-rx-gen/3.9.2/vertx-rx-gen-3.9.2.jar:/workspace/m2-repository/io/vertx/vertx-codegen/3.9.2/vertx-codegen-3.9.2.jar:/workspace/m2-repository/org/mvel/mvel2/2.4.7.Final/mvel2-2.4.7.Final.jar:/workspace/m2-repository/io/smallrye/reactive/smallrye-mutiny-vertx-core/1.1.0/smallrye-mutiny-vertx-core-1.1.0.jar:/workspace/m2-repository/io/smallrye/reactive/smallrye-mutiny-vertx-runtime/1.1.0/smallrye-mutiny-vertx-runtime-1.1.0.jar:/workspace/m2-repository/io/smallrye/reactive/vertx-mutiny-generator/1.1.0/vertx-mutiny-generator-1.1.0.jar:/workspace/m2-repository/io/smallrye/reactive/smallrye-reactive-messaging-provider/2.3.0/smallrye-reactive-messaging-provider-2.3.0.jar:/workspace/m2-repository/io/smallrye/reactive/smallrye-reactive-messaging-api/2.3.0/smallrye-reactive-messaging-api-2.3.0.jar:/workspace/m2-repository/jakarta/annotation/jakarta.annotation-api/1.3.5/jakarta.annotation-api-1.3.5.jar:/workspace/m2-repository/io/quarkus/quarkus-rest-client/1.8.1.Final/quarkus-rest-client-1.8.1.Final.jar:/workspace/m2-repository/io/quarkus/quarkus-arc/1.8.1.Final/quarkus-arc-1.8.1.Final.jar:/workspace/m2-repository/io/quarkus/arc/arc/1.8.1.Final/arc-1.8.1.Final.jar:/workspace/m2-repository/jakarta/transaction/jakarta.transaction-api/1.3.3/jakarta.transaction-api-1.3.3.jar:/workspace/m2-repository/org/eclipse/microprofile/context-propagation/microprofile-context-propagation-api/1.0.1/microprofile-context-propagation-api-1.0.1.jar:/workspace/m2-repository/io/quarkus/quarkus-resteasy-common/1.8.1.Final/quarkus-resteasy-common-1.8.1.Final.jar:/workspace/m2-repository/org/jboss/resteasy/resteasy-core/4.5.6.Final/resteasy-core-4.5.6.Final.jar:/workspace/m2-repository/org/jboss/spec/javax/ws/rs/jboss-jaxrs-api_2.1_spec/2.0.1.Final/jboss-jaxrs-api_2.1_spec-2.0.1.Final.jar:/workspace/m2-repository/org/jboss/resteasy/resteasy-core-spi/4.5.6.Final/resteasy-core-spi-4.5.6.Final.jar:/workspace/m2-repository/com/ibm/async/asyncutil/0.1.0/asyncutil-0.1.0.jar:/workspace/m2-repository/com/sun/activation/jakarta.activation/1.2.1/jakarta.activation-1.2.1.jar:/workspace/m2-repository/org/jboss/resteasy/resteasy-client-microprofile/4.5.6.Final/resteasy-client-microprofile-4.5.6.Final.jar:/workspace/m2-repository/org/jboss/resteasy/resteasy-client/4.5.6.Final/resteasy-client-4.5.6.Final.jar:/workspace/m2-repository/org/jboss/resteasy/resteasy-client-api/4.5.6.Final/resteasy-client-api-4.5.6.Final.jar:/workspace/m2-repository/org/eclipse/microprofile/rest/client/microprofile-rest-client-api/1.4.1/microprofile-rest-client-api-1.4.1.jar:/workspace/m2-repository/jakarta/interceptor/jakarta.interceptor-api/1.2.5/jakarta.interceptor-api-1.2.5.jar:/workspace/m2-repository/org/apache/httpcomponents/httpasyncclient/4.1.4/httpasyncclient-4.1.4.jar:/workspace/m2-repository/org/apache/httpcomponents/httpcore-nio/4.4.13/httpcore-nio-4.4.13.jar:/workspace/m2-repository/org/jboss/logging/commons-logging-jboss-logging/1.0.0.Final/commons-logging-jboss-logging-1.0.0.Final.jar:/workspace/m2-repository/io/quarkus/quarkus-resteasy-jsonb/1.8.1.Final/quarkus-resteasy-jsonb-1.8.1.Final.jar:/workspace/m2-repository/io/quarkus/quarkus-smallrye-fault-tolerance/1.8.1.Final/quarkus-smallrye-fault-tolerance-1.8.1.Final.jar:/workspace/m2-repository/io/smallrye/smallrye-fault-tolerance/4.3.0/smallrye-fault-tolerance-4.3.0.jar:/workspace/m2-repository/org/eclipse/microprofile/fault-tolerance/microprofile-fault-tolerance-api/2.1.1/microprofile-fault-tolerance-api-2.1.1.jar:/workspace/m2-repository/io/smallrye/smallrye-fault-tolerance-api/4.3.0/smallrye-fault-tolerance-api-4.3.0.jar:/workspace/m2-repository/io/smallrye/smallrye-fault-tolerance-core/4.3.0/smallrye-fault-tolerance-core-4.3.0.jar:/workspace/m2-repository/jakarta/enterprise/concurrent/jakarta.enterprise.concurrent-api/1.1.2/jakarta.enterprise.concurrent-api-1.1.2.jar:/workspace/m2-repository/org/eclipse/microprofile/config/microprofile-config-api/1.4/microprofile-config-api-1.4.jar:/workspace/m2-repository/jakarta/enterprise/jakarta.enterprise.cdi-api/2.0.2/jakarta.enterprise.cdi-api-2.0.2.jar:/workspace/m2-repository/jakarta/el/jakarta.el-api/3.0.3/jakarta.el-api-3.0.3.jar:/workspace/m2-repository/io/quarkus/quarkus-smallrye-context-propagation/1.8.1.Final/quarkus-smallrye-context-propagation-1.8.1.Final.jar:/workspace/m2-repository/io/smallrye/smallrye-context-propagation/1.0.13/smallrye-context-propagation-1.0.13.jar:/workspace/m2-repository/io/smallrye/smallrye-context-propagation-api/1.0.13/smallrye-context-propagation-api-1.0.13.jar:/workspace/m2-repository/io/smallrye/smallrye-fault-tolerance-context-propagation/4.3.0/smallrye-fault-tolerance-context-propagation-4.3.0.jar:/workspace/m2-repository/io/quarkus/quarkus-smallrye-jwt/1.8.1.Final/quarkus-smallrye-jwt-1.8.1.Final.jar:/workspace/m2-repository/io/smallrye/smallrye-jwt/2.3.0/smallrye-jwt-2.3.0.jar:/workspace/m2-repository/org/eclipse/microprofile/jwt/microprofile-jwt-auth-api/1.1.1/microprofile-jwt-auth-api-1.1.1.jar:/workspace/m2-repository/org/bitbucket/b_c/jose4j/0.7.2/jose4j-0.7.2.jar:/workspace/m2-repository/io/quarkus/quarkus-vertx-web/1.8.1.Final/quarkus-vertx-web-1.8.1.Final.jar:/workspace/m2-repository/io/quarkus/quarkus-security/1.8.1.Final/quarkus-security-1.8.1.Final.jar:/workspace/m2-repository/io/quarkus/quarkus-jsonp/1.8.1.Final/quarkus-jsonp-1.8.1.Final.jar:/workspace/m2-repository/jakarta/servlet/jakarta.servlet-api/4.0.3/jakarta.servlet-api-4.0.3.jar:/workspace/m2-repository/io/quarkus/quarkus-smallrye-health/1.8.1.Final/quarkus-smallrye-health-1.8.1.Final.jar:/workspace/m2-repository/io/smallrye/smallrye-health/2.2.3/smallrye-health-2.2.3.jar:/workspace/m2-repository/org/eclipse/microprofile/health/microprofile-health-api/2.2/microprofile-health-api-2.2.jar:/workspace/m2-repository/io/smallrye/smallrye-health-api/2.2.3/smallrye-health-api-2.2.3.jar:/workspace/m2-repository/io/smallrye/smallrye-health-ui/2.2.3/smallrye-health-ui-2.2.3.jar:/workspace/m2-repository/io/smallrye/smallrye-health-provided-checks/2.2.3/smallrye-health-provided-checks-2.2.3.jar:/workspace/m2-repository/io/quarkus/quarkus-smallrye-metrics/1.8.1.Final/quarkus-smallrye-metrics-1.8.1.Final.jar:/workspace/m2-repository/io/smallrye/smallrye-metrics/2.4.3/smallrye-metrics-2.4.3.jar:/workspace/m2-repository/org/eclipse/microprofile/metrics/microprofile-metrics-api/2.3/microprofile-metrics-api-2.3.jar:/workspace/m2-repository/io/quarkus/quarkus-jdbc-postgresql/1.8.1.Final/quarkus-jdbc-postgresql-1.8.1.Final.jar:/workspace/m2-repository/org/postgresql/postgresql/42.2.16/postgresql-42.2.16.jar:/workspace/m2-repository/io/quarkus/quarkus-smallrye-reactive-messaging-amqp/1.8.1.Final/quarkus-smallrye-reactive-messaging-amqp-1.8.1.Final.jar:/workspace/m2-repository/io/smallrye/reactive/smallrye-reactive-messaging-amqp/2.3.0/smallrye-reactive-messaging-amqp-2.3.0.jar:/workspace/m2-repository/io/smallrye/reactive/smallrye-mutiny-vertx-amqp-client/1.1.0/smallrye-mutiny-vertx-amqp-client-1.1.0.jar:/workspace/m2-repository/io/vertx/vertx-amqp-client/3.9.2/vertx-amqp-client-3.9.2.jar:/workspace/m2-repository/io/vertx/vertx-proton/3.9.2/vertx-proton-3.9.2.jar:/workspace/m2-repository/org/apache/qpid/proton-j/0.33.6/proton-j-0.33.6.jar:/workspace/m2-repository/io/quarkus/quarkus-smallrye-openapi/1.8.1.Final/quarkus-smallrye-openapi-1.8.1.Final.jar:/workspace/m2-repository/io/smallrye/smallrye-open-api-core/2.0.9/smallrye-open-api-core-2.0.9.jar:/workspace/m2-repository/org/eclipse/microprofile/openapi/microprofile-openapi-api/1.1.2/microprofile-openapi-api-1.1.2.jar:/workspace/m2-repository/com/fasterxml/jackson/dataformat/jackson-dataformat-yaml/2.11.2/jackson-dataformat-yaml-2.11.2.jar:/workspace/m2-repository/org/yaml/snakeyaml/1.26/snakeyaml-1.26.jar:/workspace/m2-repository/io/quarkus/quarkus-swagger-ui/1.8.1.Final/quarkus-swagger-ui-1.8.1.Final.jar:/workspace/m2-repository/io/quarkus/quarkus-smallrye-reactive-messaging/1.8.1.Final/quarkus-smallrye-reactive-messaging-1.8.1.Final.jar:/workspace/m2-repository/io/reactivex/rxjava2/rxjava/2.2.19/rxjava-2.2.19.jar:/workspace/m2-repository/org/reactivestreams/reactive-streams/1.0.3/reactive-streams-1.0.3.jar:/workspace/m2-repository/io/smallrye/common/smallrye-common-annotation/1.3.0/smallrye-common-annotation-1.3.0.jar:/workspace/m2-repository/io/smallrye/reactive/smallrye-reactive-messaging-health/2.3.0/smallrye-reactive-messaging-health-2.3.0.jar:/workspace/m2-repository/io/quarkus/quarkus-smallrye-reactive-messaging-kafka/1.8.1.Final/quarkus-smallrye-reactive-messaging-kafka-1.8.1.Final.jar:/workspace/m2-repository/io/quarkus/quarkus-kafka-client/1.8.1.Final/quarkus-kafka-client-1.8.1.Final.jar:/workspace/m2-repository/io/smallrye/reactive/smallrye-reactive-messaging-kafka/2.3.0/smallrye-reactive-messaging-kafka-2.3.0.jar:/workspace/m2-repository/io/smallrye/reactive/smallrye-mutiny-vertx-kafka-client/1.1.0/smallrye-mutiny-vertx-kafka-client-1.1.0.jar:/workspace/m2-repository/org/apache/zookeeper/zookeeper/3.5.7/zookeeper-3.5.7.jar:/workspace/m2-repository/org/apache/zookeeper/zookeeper-jute/3.5.7/zookeeper-jute-3.5.7.jar:/workspace/m2-repository/org/apache/yetus/audience-annotations/0.5.0/audience-annotations-0.5.0.jar:/workspace/m2-repository/io/netty/netty-transport-native-epoll/4.1.49.Final/netty-transport-native-epoll-4.1.49.Final.jar:/workspace/m2-repository/io/netty/netty-transport-native-unix-common/4.1.49.Final/netty-transport-native-unix-common-4.1.49.Final.jar:/workspace/m2-repository/org/apache/kafka/kafka-clients/2.5.0/kafka-clients-2.5.0.jar:/workspace/m2-repository/com/github/luben/zstd-jni/1.4.4-7/zstd-jni-1.4.4-7.jar:/workspace/m2-repository/org/lz4/lz4-java/1.6.0/lz4-java-1.6.0.jar:/workspace/m2-repository/org/xerial/snappy/snappy-java/1.1.7.3/snappy-java-1.1.7.3.jar:/workspace/m2-repository/io/vertx/vertx-kafka-client/3.9.2/vertx-kafka-client-3.9.2.jar:/workspace/m2-repository/io/vertx/vertx-core/3.9.2/vertx-core-3.9.2.jar:/workspace/m2-repository/io/netty/netty-common/4.1.49.Final/netty-common-4.1.49.Final.jar:/workspace/m2-repository/io/netty/netty-buffer/4.1.49.Final/netty-buffer-4.1.49.Final.jar:/workspace/m2-repository/io/netty/netty-transport/4.1.49.Final/netty-transport-4.1.49.Final.jar:/workspace/m2-repository/io/netty/netty-handler-proxy/4.1.49.Final/netty-handler-proxy-4.1.49.Final.jar:/workspace/m2-repository/io/netty/netty-codec-socks/4.1.49.Final/netty-codec-socks-4.1.49.Final.jar:/workspace/m2-repository/io/netty/netty-codec-http/4.1.49.Final/netty-codec-http-4.1.49.Final.jar:/workspace/m2-repository/io/netty/netty-codec-http2/4.1.49.Final/netty-codec-http2-4.1.49.Final.jar:/workspace/m2-repository/io/netty/netty-resolver/4.1.49.Final/netty-resolver-4.1.49.Final.jar:/workspace/m2-repository/io/netty/netty-resolver-dns/4.1.49.Final/netty-resolver-dns-4.1.49.Final.jar:/workspace/m2-repository/io/netty/netty-codec-dns/4.1.49.Final/netty-codec-dns-4.1.49.Final.jar:/workspace/m2-repository/io/quarkus/quarkus-reactive-pg-client/1.8.1.Final/quarkus-reactive-pg-client-1.8.1.Final.jar:/workspace/m2-repository/io/quarkus/quarkus-reactive-datasource/1.8.1.Final/quarkus-reactive-datasource-1.8.1.Final.jar:/workspace/m2-repository/io/quarkus/quarkus-datasource/1.8.1.Final/quarkus-datasource-1.8.1.Final.jar:/workspace/m2-repository/io/quarkus/quarkus-datasource-common/1.8.1.Final/quarkus-datasource-common-1.8.1.Final.jar:/workspace/m2-repository/io/vertx/vertx-sql-client/3.9.2/vertx-sql-client-3.9.2.jar:/workspace/m2-repository/io/vertx/vertx-pg-client/3.9.2/vertx-pg-client-3.9.2.jar:/workspace/m2-repository/com/ongres/scram/client/2.1/client-2.1.jar:/workspace/m2-repository/com/ongres/scram/common/2.1/common-2.1.jar:/workspace/m2-repository/com/ongres/stringprep/saslprep/1.1/saslprep-1.1.jar:/workspace/m2-repository/com/ongres/stringprep/stringprep/1.1/stringprep-1.1.jar:/workspace/m2-repository/io/smallrye/reactive/smallrye-axle-pg-client/1.1.0/smallrye-axle-pg-client-1.1.0.jar:/workspace/m2-repository/io/smallrye/reactive/smallrye-axle-sql-client/1.1.0/smallrye-axle-sql-client-1.1.0.jar:/workspace/m2-repository/io/smallrye/reactive/smallrye-mutiny-vertx-pg-client/1.1.0/smallrye-mutiny-vertx-pg-client-1.1.0.jar:/workspace/m2-repository/io/smallrye/reactive/smallrye-mutiny-vertx-sql-client/1.1.0/smallrye-mutiny-vertx-sql-client-1.1.0.jar:/workspace/m2-repository/io/quarkus/quarkus-credentials/1.8.1.Final/quarkus-credentials-1.8.1.Final.jar:"/>
    <property name="java.vm.vendor" value="Azul Systems, Inc."/>
    <property name="sun.arch.data.model" value="64"/>
    <property name="java.vendor.url" value="http://www.azulsystems.com/"/>
    <property name="user.timezone" value="Etc/UTC"/>
    <property name="java.vm.specification.version" value="11"/>
    <property name="os.name" value="Linux"/>
    <property name="user.country" value="US"/>
    <property name="sun.java.launcher" value="SUN_STANDARD"/>
    <property name="sun.boot.library.path" value="/home/gitpod/.sdkman/candidates/java/11.0.6.fx-zulu/lib"/>
    <property name="sun.java.command" value="/workspace/rquarkusweb/target/surefire/surefirebooter15176943346769504309.jar /workspace/rquarkusweb/target/surefire 2020-10-01T11-11-40_990-jvmRun1 surefire8233875857704891387tmp surefire_0269953884190888813tmp"/>
    <property name="maven.home" value="/home/gitpod/.sdkman/candidates/maven/current"/>
    <property name="jdk.debug" value="release"/>
    <property name="surefire.test.class.path" value="/workspace/rquarkusweb/target/test-classes:/workspace/rquarkusweb/target/classes:/workspace/m2-repository/io/quarkus/quarkus-resteasy/1.8.1.Final/quarkus-resteasy-1.8.1.Final.jar:/workspace/m2-repository/io/quarkus/quarkus-vertx-http/1.8.1.Final/quarkus-vertx-http-1.8.1.Final.jar:/workspace/m2-repository/io/quarkus/quarkus-security-runtime-spi/1.8.1.Final/quarkus-security-runtime-spi-1.8.1.Final.jar:/workspace/m2-repository/io/quarkus/quarkus-development-mode-spi/1.8.1.Final/quarkus-development-mode-spi-1.8.1.Final.jar:/workspace/m2-repository/io/quarkus/security/quarkus-security/1.1.2.Final/quarkus-security-1.1.2.Final.jar:/workspace/m2-repository/io/quarkus/quarkus-vertx-core/1.8.1.Final/quarkus-vertx-core-1.8.1.Final.jar:/workspace/m2-repository/io/vertx/vertx-web/3.9.2/vertx-web-3.9.2.jar:/workspace/m2-repository/io/vertx/vertx-web-common/3.9.2/vertx-web-common-3.9.2.jar:/workspace/m2-repository/io/vertx/vertx-auth-common/3.9.2/vertx-auth-common-3.9.2.jar:/workspace/m2-repository/io/vertx/vertx-bridge-common/3.9.2/vertx-bridge-common-3.9.2.jar:/workspace/m2-repository/io/quarkus/quarkus-resteasy-server-common/1.8.1.Final/quarkus-resteasy-server-common-1.8.1.Final.jar:/workspace/m2-repository/jakarta/validation/jakarta.validation-api/2.0.2/jakarta.validation-api-2.0.2.jar:/workspace/m2-repository/io/quarkus/quarkus-resteasy-jackson/1.8.1.Final/quarkus-resteasy-jackson-1.8.1.Final.jar:/workspace/m2-repository/io/quarkus/quarkus-jackson/1.8.1.Final/quarkus-jackson-1.8.1.Final.jar:/workspace/m2-repository/org/jboss/resteasy/resteasy-jackson2-provider/4.5.6.Final/resteasy-jackson2-provider-4.5.6.Final.jar:/workspace/m2-repository/org/jboss/resteasy/resteasy-jaxb-provider/4.5.6.Final/resteasy-jaxb-provider-4.5.6.Final.jar:/workspace/m2-repository/org/glassfish/jaxb/jaxb-runtime/2.3.3-b02/jaxb-runtime-2.3.3-b02.jar:/workspace/m2-repository/org/glassfish/jaxb/txw2/2.3.3-b02/txw2-2.3.3-b02.jar:/workspace/m2-repository/com/sun/istack/istack-commons-runtime/3.0.10/istack-commons-runtime-3.0.10.jar:/workspace/m2-repository/com/fasterxml/jackson/jaxrs/jackson-jaxrs-json-provider/2.11.2/jackson-jaxrs-json-provider-2.11.2.jar:/workspace/m2-repository/com/fasterxml/jackson/jaxrs/jackson-jaxrs-base/2.11.2/jackson-jaxrs-base-2.11.2.jar:/workspace/m2-repository/com/fasterxml/jackson/module/jackson-module-jaxb-annotations/2.11.2/jackson-module-jaxb-annotations-2.11.2.jar:/workspace/m2-repository/com/github/fge/json-patch/1.9/json-patch-1.9.jar:/workspace/m2-repository/com/github/fge/jackson-coreutils/1.6/jackson-coreutils-1.6.jar:/workspace/m2-repository/com/github/fge/msg-simple/1.1/msg-simple-1.1.jar:/workspace/m2-repository/com/github/fge/btf/1.2/btf-1.2.jar:/workspace/m2-repository/com/google/guava/guava/29.0-jre/guava-29.0-jre.jar:/workspace/m2-repository/com/google/guava/failureaccess/1.0.1/failureaccess-1.0.1.jar:/workspace/m2-repository/com/google/guava/listenablefuture/9999.0-empty-to-avoid-conflict-with-guava/listenablefuture-9999.0-empty-to-avoid-conflict-with-guava.jar:/workspace/m2-repository/org/jboss/logging/jboss-logging/3.3.2.Final/jboss-logging-3.3.2.Final.jar:/workspace/m2-repository/org/jboss/spec/javax/xml/bind/jboss-jaxb-api_2.3_spec/2.0.0.Final/jboss-jaxb-api_2.3_spec-2.0.0.Final.jar:/workspace/m2-repository/com/fasterxml/jackson/module/jackson-module-parameter-names/2.11.2/jackson-module-parameter-names-2.11.2.jar:/workspace/m2-repository/com/fasterxml/jackson/core/jackson-core/2.11.2/jackson-core-2.11.2.jar:/workspace/m2-repository/com/fasterxml/jackson/core/jackson-databind/2.11.2/jackson-databind-2.11.2.jar:/workspace/m2-repository/com/fasterxml/jackson/datatype/jackson-datatype-jdk8/2.11.2/jackson-datatype-jdk8-2.11.2.jar:/workspace/m2-repository/com/fasterxml/jackson/datatype/jackson-datatype-jsr310/2.11.2/jackson-datatype-jsr310-2.11.2.jar:/workspace/m2-repository/com/fasterxml/jackson/core/jackson-annotations/2.11.2/jackson-annotations-2.11.2.jar:/workspace/m2-repository/io/quarkus/quarkus-junit5/1.8.1.Final/quarkus-junit5-1.8.1.Final.jar:/workspace/m2-repository/io/quarkus/quarkus-bootstrap-core/1.8.1.Final/quarkus-bootstrap-core-1.8.1.Final.jar:/workspace/m2-repository/io/quarkus/quarkus-bootstrap-app-model/1.8.1.Final/quarkus-bootstrap-app-model-1.8.1.Final.jar:/workspace/m2-repository/io/quarkus/quarkus-bootstrap-maven-resolver/1.8.1.Final/quarkus-bootstrap-maven-resolver-1.8.1.Final.jar:/workspace/m2-repository/org/apache/maven/maven-embedder/3.6.3/maven-embedder-3.6.3.jar:/workspace/m2-repository/org/apache/maven/maven-settings/3.6.3/maven-settings-3.6.3.jar:/workspace/m2-repository/org/apache/maven/maven-core/3.6.3/maven-core-3.6.3.jar:/workspace/m2-repository/org/apache/maven/maven-artifact/3.6.3/maven-artifact-3.6.3.jar:/workspace/m2-repository/org/codehaus/plexus/plexus-component-annotations/2.1.0/plexus-component-annotations-2.1.0.jar:/workspace/m2-repository/org/apache/maven/maven-plugin-api/3.6.3/maven-plugin-api-3.6.3.jar:/workspace/m2-repository/org/apache/maven/maven-model/3.6.3/maven-model-3.6.3.jar:/workspace/m2-repository/org/apache/maven/maven-model-builder/3.6.3/maven-model-builder-3.6.3.jar:/workspace/m2-repository/org/apache/maven/maven-builder-support/3.6.3/maven-builder-support-3.6.3.jar:/workspace/m2-repository/org/apache/maven/resolver/maven-resolver-api/1.4.1/maven-resolver-api-1.4.1.jar:/workspace/m2-repository/org/apache/maven/resolver/maven-resolver-util/1.4.1/maven-resolver-util-1.4.1.jar:/workspace/m2-repository/org/apache/maven/shared/maven-shared-utils/3.2.1/maven-shared-utils-3.2.1.jar:/workspace/m2-repository/com/google/inject/guice/4.2.1/guice-4.2.1-no_aop.jar:/workspace/m2-repository/org/codehaus/plexus/plexus-utils/3.2.1/plexus-utils-3.2.1.jar:/workspace/m2-repository/org/codehaus/plexus/plexus-classworlds/2.5.2/plexus-classworlds-2.5.2.jar:/workspace/m2-repository/commons-cli/commons-cli/1.4/commons-cli-1.4.jar:/workspace/m2-repository/org/eclipse/sisu/org.eclipse.sisu.plexus/0.3.4/org.eclipse.sisu.plexus-0.3.4.jar:/workspace/m2-repository/org/apache/maven/maven-settings-builder/3.6.3/maven-settings-builder-3.6.3.jar:/workspace/m2-repository/org/codehaus/plexus/plexus-interpolation/1.25/plexus-interpolation-1.25.jar:/workspace/m2-repository/org/sonatype/plexus/plexus-sec-dispatcher/1.4/plexus-sec-dispatcher-1.4.jar:/workspace/m2-repository/org/sonatype/plexus/plexus-cipher/1.4/plexus-cipher-1.4.jar:/workspace/m2-repository/org/apache/maven/maven-resolver-provider/3.6.3/maven-resolver-provider-3.6.3.jar:/workspace/m2-repository/org/apache/maven/maven-repository-metadata/3.6.3/maven-repository-metadata-3.6.3.jar:/workspace/m2-repository/org/apache/maven/resolver/maven-resolver-spi/1.4.1/maven-resolver-spi-1.4.1.jar:/workspace/m2-repository/org/apache/maven/resolver/maven-resolver-impl/1.4.1/maven-resolver-impl-1.4.1.jar:/workspace/m2-repository/org/apache/maven/resolver/maven-resolver-connector-basic/1.4.1/maven-resolver-connector-basic-1.4.1.jar:/workspace/m2-repository/org/apache/maven/resolver/maven-resolver-transport-wagon/1.4.1/maven-resolver-transport-wagon-1.4.1.jar:/workspace/m2-repository/org/apache/maven/wagon/wagon-http/3.3.4/wagon-http-3.3.4.jar:/workspace/m2-repository/org/apache/maven/wagon/wagon-http-shared/3.3.4/wagon-http-shared-3.3.4.jar:/workspace/m2-repository/org/jsoup/jsoup/1.12.1/jsoup-1.12.1.jar:/workspace/m2-repository/org/apache/maven/wagon/wagon-provider-api/3.3.4/wagon-provider-api-3.3.4.jar:/workspace/m2-repository/org/apache/maven/wagon/wagon-file/3.3.4/wagon-file-3.3.4.jar:/workspace/m2-repository/io/quarkus/quarkus-bootstrap-gradle-resolver/1.8.1.Final/quarkus-bootstrap-gradle-resolver-1.8.1.Final.jar:/workspace/m2-repository/io/smallrye/common/smallrye-common-io/1.3.0/smallrye-common-io-1.3.0.jar:/workspace/m2-repository/org/eclipse/sisu/org.eclipse.sisu.inject/0.3.4/org.eclipse.sisu.inject-0.3.4.jar:/workspace/m2-repository/io/quarkus/quarkus-test-common/1.8.1.Final/quarkus-test-common-1.8.1.Final.jar:/workspace/m2-repository/io/quarkus/quarkus-core-deployment/1.8.1.Final/quarkus-core-deployment-1.8.1.Final.jar:/workspace/m2-repository/io/quarkus/gizmo/gizmo/1.0.4.Final/gizmo-1.0.4.Final.jar:/workspace/m2-repository/org/ow2/asm/asm-util/8.0.1/asm-util-8.0.1.jar:/workspace/m2-repository/org/ow2/asm/asm-tree/8.0.1/asm-tree-8.0.1.jar:/workspace/m2-repository/org/ow2/asm/asm-analysis/8.0.1/asm-analysis-8.0.1.jar:/workspace/m2-repository/org/ow2/asm/asm/8.0.1/asm-8.0.1.jar:/workspace/m2-repository/io/quarkus/quarkus-devtools-utilities/1.8.1.Final/quarkus-devtools-utilities-1.8.1.Final.jar:/workspace/m2-repository/io/quarkus/quarkus-builder/1.8.1.Final/quarkus-builder-1.8.1.Final.jar:/workspace/m2-repository/io/quarkus/quarkus-jsonp-deployment/1.8.1.Final/quarkus-jsonp-deployment-1.8.1.Final.jar:/workspace/m2-repository/org/jboss/jandex/2.2.1.Final/jandex-2.2.1.Final.jar:/workspace/m2-repository/org/junit/jupiter/junit-jupiter/5.6.2/junit-jupiter-5.6.2.jar:/workspace/m2-repository/org/junit/jupiter/junit-jupiter-api/5.6.2/junit-jupiter-api-5.6.2.jar:/workspace/m2-repository/org/apiguardian/apiguardian-api/1.1.0/apiguardian-api-1.1.0.jar:/workspace/m2-repository/org/opentest4j/opentest4j/1.2.0/opentest4j-1.2.0.jar:/workspace/m2-repository/org/junit/platform/junit-platform-commons/1.6.2/junit-platform-commons-1.6.2.jar:/workspace/m2-repository/org/junit/jupiter/junit-jupiter-params/5.6.2/junit-jupiter-params-5.6.2.jar:/workspace/m2-repository/org/junit/jupiter/junit-jupiter-engine/5.6.2/junit-jupiter-engine-5.6.2.jar:/workspace/m2-repository/org/junit/platform/junit-platform-engine/1.6.2/junit-platform-engine-1.6.2.jar:/workspace/m2-repository/io/quarkus/quarkus-core/1.8.1.Final/quarkus-core-1.8.1.Final.jar:/workspace/m2-repository/jakarta/inject/jakarta.inject-api/1.0/jakarta.inject-api-1.0.jar:/workspace/m2-repository/io/quarkus/quarkus-ide-launcher/1.8.1.Final/quarkus-ide-launcher-1.8.1.Final.jar:/workspace/m2-repository/io/smallrye/config/smallrye-config/1.8.6/smallrye-config-1.8.6.jar:/workspace/m2-repository/io/smallrye/config/smallrye-config-common/1.8.6/smallrye-config-common-1.8.6.jar:/workspace/m2-repository/io/smallrye/common/smallrye-common-expression/1.1.0/smallrye-common-expression-1.1.0.jar:/workspace/m2-repository/io/smallrye/common/smallrye-common-function/1.1.0/smallrye-common-function-1.1.0.jar:/workspace/m2-repository/io/smallrye/common/smallrye-common-constraint/1.1.0/smallrye-common-constraint-1.1.0.jar:/workspace/m2-repository/org/jboss/logmanager/jboss-logmanager-embedded/1.0.4/jboss-logmanager-embedded-1.0.4.jar:/workspace/m2-repository/org/jboss/logging/jboss-logging-annotations/2.1.0.Final/jboss-logging-annotations-2.1.0.Final.jar:/workspace/m2-repository/org/jboss/threads/jboss-threads/3.1.1.Final/jboss-threads-3.1.1.Final.jar:/workspace/m2-repository/org/slf4j/slf4j-api/1.7.30/slf4j-api-1.7.30.jar:/workspace/m2-repository/org/jboss/slf4j/slf4j-jboss-logging/1.2.0.Final/slf4j-jboss-logging-1.2.0.Final.jar:/workspace/m2-repository/org/graalvm/sdk/graal-sdk/20.2.0/graal-sdk-20.2.0.jar:/workspace/m2-repository/org/wildfly/common/wildfly-common/1.5.4.Final-format-001/wildfly-common-1.5.4.Final-format-001.jar:/workspace/m2-repository/io/quarkus/quarkus-bootstrap-runner/1.8.1.Final/quarkus-bootstrap-runner-1.8.1.Final.jar:/workspace/m2-repository/com/thoughtworks/xstream/xstream/1.4.11.1/xstream-1.4.11.1.jar:/workspace/m2-repository/xmlpull/xmlpull/1.1.3.1/xmlpull-1.1.3.1.jar:/workspace/m2-repository/xpp3/xpp3_min/1.1.4c/xpp3_min-1.1.4c.jar:/workspace/m2-repository/io/rest-assured/rest-assured/4.3.0/rest-assured-4.3.0.jar:/workspace/m2-repository/org/codehaus/groovy/groovy/3.0.5/groovy-3.0.5.jar:/workspace/m2-repository/org/codehaus/groovy/groovy-xml/3.0.2/groovy-xml-3.0.2.jar:/workspace/m2-repository/org/apache/httpcomponents/httpclient/4.5.12/httpclient-4.5.12.jar:/workspace/m2-repository/org/apache/httpcomponents/httpcore/4.4.13/httpcore-4.4.13.jar:/workspace/m2-repository/commons-codec/commons-codec/1.14/commons-codec-1.14.jar:/workspace/m2-repository/org/apache/httpcomponents/httpmime/4.5.12/httpmime-4.5.12.jar:/workspace/m2-repository/org/hamcrest/hamcrest/2.1/hamcrest-2.1.jar:/workspace/m2-repository/org/ccil/cowan/tagsoup/tagsoup/1.2.1/tagsoup-1.2.1.jar:/workspace/m2-repository/io/rest-assured/json-path/4.3.0/json-path-4.3.0.jar:/workspace/m2-repository/org/codehaus/groovy/groovy-json/3.0.5/groovy-json-3.0.5.jar:/workspace/m2-repository/io/rest-assured/rest-assured-common/4.3.0/rest-assured-common-4.3.0.jar:/workspace/m2-repository/io/rest-assured/xml-path/4.3.0/xml-path-4.3.0.jar:/workspace/m2-repository/org/apache/commons/commons-lang3/3.9/commons-lang3-3.9.jar:/workspace/m2-repository/jakarta/xml/bind/jakarta.xml.bind-api/2.3.2/jakarta.xml.bind-api-2.3.2.jar:/workspace/m2-repository/jakarta/activation/jakarta.activation-api/1.2.1/jakarta.activation-api-1.2.1.jar:/workspace/m2-repository/org/apache/sling/org.apache.sling.javax.activation/0.1.0/org.apache.sling.javax.activation-0.1.0.jar:/workspace/m2-repository/io/quarkus/quarkus-rest-client-jsonb/1.8.1.Final/quarkus-rest-client-jsonb-1.8.1.Final.jar:/workspace/m2-repository/io/quarkus/quarkus-jsonb/1.8.1.Final/quarkus-jsonb-1.8.1.Final.jar:/workspace/m2-repository/org/eclipse/yasson/1.0.8/yasson-1.0.8.jar:/workspace/m2-repository/org/jboss/resteasy/resteasy-json-binding-provider/4.5.6.Final/resteasy-json-binding-provider-4.5.6.Final.jar:/workspace/m2-repository/org/glassfish/jakarta.json/1.1.6/jakarta.json-1.1.6.jar:/workspace/m2-repository/jakarta/json/bind/jakarta.json.bind-api/1.0.2/jakarta.json.bind-api-1.0.2.jar:/workspace/m2-repository/org/jboss/resteasy/resteasy-json-p-provider/4.5.6.Final/resteasy-json-p-provider-4.5.6.Final.jar:/workspace/m2-repository/commons-io/commons-io/2.7/commons-io-2.7.jar:/workspace/m2-repository/io/quarkus/quarkus-smallrye-reactive-messaging-mqtt/1.8.1.Final/quarkus-smallrye-reactive-messaging-mqtt-1.8.1.Final.jar:/workspace/m2-repository/io/smallrye/reactive/smallrye-reactive-messaging-mqtt/2.3.0/smallrye-reactive-messaging-mqtt-2.3.0.jar:/workspace/m2-repository/io/smallrye/reactive/smallrye-mutiny-vertx-mqtt/1.1.0/smallrye-mutiny-vertx-mqtt-1.1.0.jar:/workspace/m2-repository/io/vertx/vertx-mqtt/3.9.2/vertx-mqtt-3.9.2.jar:/workspace/m2-repository/io/netty/netty-codec-mqtt/4.1.49.Final/netty-codec-mqtt-4.1.49.Final.jar:/workspace/m2-repository/io/smallrye/reactive/smallrye-reactive-converter-api/1.1.0/smallrye-reactive-converter-api-1.1.0.jar:/workspace/m2-repository/io/smallrye/reactive/mutiny/0.7.0/mutiny-0.7.0.jar:/workspace/m2-repository/io/quarkus/quarkus-mutiny-reactive-streams-operators/1.8.1.Final/quarkus-mutiny-reactive-streams-operators-1.8.1.Final.jar:/workspace/m2-repository/org/eclipse/microprofile/reactive-streams-operators/microprofile-reactive-streams-operators-api/1.0.1/microprofile-reactive-streams-operators-api-1.0.1.jar:/workspace/m2-repository/org/eclipse/microprofile/reactive-streams-operators/microprofile-reactive-streams-operators-core/1.0.1/microprofile-reactive-streams-operators-core-1.0.1.jar:/workspace/m2-repository/io/quarkus/quarkus-mutiny/1.8.1.Final/quarkus-mutiny-1.8.1.Final.jar:/workspace/m2-repository/io/smallrye/reactive/mutiny-reactive-streams-operators/0.7.0/mutiny-reactive-streams-operators-0.7.0.jar:/workspace/m2-repository/io/smallrye/reactive/mutiny-context-propagation/0.7.0/mutiny-context-propagation-0.7.0.jar:/workspace/m2-repository/io/quarkus/quarkus-vertx/1.8.1.Final/quarkus-vertx-1.8.1.Final.jar:/workspace/m2-repository/io/quarkus/quarkus-netty/1.8.1.Final/quarkus-netty-1.8.1.Final.jar:/workspace/m2-repository/io/netty/netty-codec/4.1.49.Final/netty-codec-4.1.49.Final.jar:/workspace/m2-repository/io/netty/netty-handler/4.1.49.Final/netty-handler-4.1.49.Final.jar:/workspace/m2-repository/io/smallrye/reactive/smallrye-axle-generator/1.1.0/smallrye-axle-generator-1.1.0.jar:/workspace/m2-repository/io/smallrye/reactive/smallrye-axle-core/1.1.0/smallrye-axle-core-1.1.0.jar:/workspace/m2-repository/io/vertx/vertx-rx-java2/3.9.2/vertx-rx-java2-3.9.2.jar:/workspace/m2-repository/io/vertx/vertx-rx-gen/3.9.2/vertx-rx-gen-3.9.2.jar:/workspace/m2-repository/io/vertx/vertx-codegen/3.9.2/vertx-codegen-3.9.2.jar:/workspace/m2-repository/org/mvel/mvel2/2.4.7.Final/mvel2-2.4.7.Final.jar:/workspace/m2-repository/io/smallrye/reactive/smallrye-mutiny-vertx-core/1.1.0/smallrye-mutiny-vertx-core-1.1.0.jar:/workspace/m2-repository/io/smallrye/reactive/smallrye-mutiny-vertx-runtime/1.1.0/smallrye-mutiny-vertx-runtime-1.1.0.jar:/workspace/m2-repository/io/smallrye/reactive/vertx-mutiny-generator/1.1.0/vertx-mutiny-generator-1.1.0.jar:/workspace/m2-repository/io/smallrye/reactive/smallrye-reactive-messaging-provider/2.3.0/smallrye-reactive-messaging-provider-2.3.0.jar:/workspace/m2-repository/io/smallrye/reactive/smallrye-reactive-messaging-api/2.3.0/smallrye-reactive-messaging-api-2.3.0.jar:/workspace/m2-repository/jakarta/annotation/jakarta.annotation-api/1.3.5/jakarta.annotation-api-1.3.5.jar:/workspace/m2-repository/io/quarkus/quarkus-rest-client/1.8.1.Final/quarkus-rest-client-1.8.1.Final.jar:/workspace/m2-repository/io/quarkus/quarkus-arc/1.8.1.Final/quarkus-arc-1.8.1.Final.jar:/workspace/m2-repository/io/quarkus/arc/arc/1.8.1.Final/arc-1.8.1.Final.jar:/workspace/m2-repository/jakarta/transaction/jakarta.transaction-api/1.3.3/jakarta.transaction-api-1.3.3.jar:/workspace/m2-repository/org/eclipse/microprofile/context-propagation/microprofile-context-propagation-api/1.0.1/microprofile-context-propagation-api-1.0.1.jar:/workspace/m2-repository/io/quarkus/quarkus-resteasy-common/1.8.1.Final/quarkus-resteasy-common-1.8.1.Final.jar:/workspace/m2-repository/org/jboss/resteasy/resteasy-core/4.5.6.Final/resteasy-core-4.5.6.Final.jar:/workspace/m2-repository/org/jboss/spec/javax/ws/rs/jboss-jaxrs-api_2.1_spec/2.0.1.Final/jboss-jaxrs-api_2.1_spec-2.0.1.Final.jar:/workspace/m2-repository/org/jboss/resteasy/resteasy-core-spi/4.5.6.Final/resteasy-core-spi-4.5.6.Final.jar:/workspace/m2-repository/com/ibm/async/asyncutil/0.1.0/asyncutil-0.1.0.jar:/workspace/m2-repository/com/sun/activation/jakarta.activation/1.2.1/jakarta.activation-1.2.1.jar:/workspace/m2-repository/org/jboss/resteasy/resteasy-client-microprofile/4.5.6.Final/resteasy-client-microprofile-4.5.6.Final.jar:/workspace/m2-repository/org/jboss/resteasy/resteasy-client/4.5.6.Final/resteasy-client-4.5.6.Final.jar:/workspace/m2-repository/org/jboss/resteasy/resteasy-client-api/4.5.6.Final/resteasy-client-api-4.5.6.Final.jar:/workspace/m2-repository/org/eclipse/microprofile/rest/client/microprofile-rest-client-api/1.4.1/microprofile-rest-client-api-1.4.1.jar:/workspace/m2-repository/jakarta/interceptor/jakarta.interceptor-api/1.2.5/jakarta.interceptor-api-1.2.5.jar:/workspace/m2-repository/org/apache/httpcomponents/httpasyncclient/4.1.4/httpasyncclient-4.1.4.jar:/workspace/m2-repository/org/apache/httpcomponents/httpcore-nio/4.4.13/httpcore-nio-4.4.13.jar:/workspace/m2-repository/org/jboss/logging/commons-logging-jboss-logging/1.0.0.Final/commons-logging-jboss-logging-1.0.0.Final.jar:/workspace/m2-repository/io/quarkus/quarkus-resteasy-jsonb/1.8.1.Final/quarkus-resteasy-jsonb-1.8.1.Final.jar:/workspace/m2-repository/io/quarkus/quarkus-smallrye-fault-tolerance/1.8.1.Final/quarkus-smallrye-fault-tolerance-1.8.1.Final.jar:/workspace/m2-repository/io/smallrye/smallrye-fault-tolerance/4.3.0/smallrye-fault-tolerance-4.3.0.jar:/workspace/m2-repository/org/eclipse/microprofile/fault-tolerance/microprofile-fault-tolerance-api/2.1.1/microprofile-fault-tolerance-api-2.1.1.jar:/workspace/m2-repository/io/smallrye/smallrye-fault-tolerance-api/4.3.0/smallrye-fault-tolerance-api-4.3.0.jar:/workspace/m2-repository/io/smallrye/smallrye-fault-tolerance-core/4.3.0/smallrye-fault-tolerance-core-4.3.0.jar:/workspace/m2-repository/jakarta/enterprise/concurrent/jakarta.enterprise.concurrent-api/1.1.2/jakarta.enterprise.concurrent-api-1.1.2.jar:/workspace/m2-repository/org/eclipse/microprofile/config/microprofile-config-api/1.4/microprofile-config-api-1.4.jar:/workspace/m2-repository/jakarta/enterprise/jakarta.enterprise.cdi-api/2.0.2/jakarta.enterprise.cdi-api-2.0.2.jar:/workspace/m2-repository/jakarta/el/jakarta.el-api/3.0.3/jakarta.el-api-3.0.3.jar:/workspace/m2-repository/io/quarkus/quarkus-smallrye-context-propagation/1.8.1.Final/quarkus-smallrye-context-propagation-1.8.1.Final.jar:/workspace/m2-repository/io/smallrye/smallrye-context-propagation/1.0.13/smallrye-context-propagation-1.0.13.jar:/workspace/m2-repository/io/smallrye/smallrye-context-propagation-api/1.0.13/smallrye-context-propagation-api-1.0.13.jar:/workspace/m2-repository/io/smallrye/smallrye-fault-tolerance-context-propagation/4.3.0/smallrye-fault-tolerance-context-propagation-4.3.0.jar:/workspace/m2-repository/io/quarkus/quarkus-smallrye-jwt/1.8.1.Final/quarkus-smallrye-jwt-1.8.1.Final.jar:/workspace/m2-repository/io/smallrye/smallrye-jwt/2.3.0/smallrye-jwt-2.3.0.jar:/workspace/m2-repository/org/eclipse/microprofile/jwt/microprofile-jwt-auth-api/1.1.1/microprofile-jwt-auth-api-1.1.1.jar:/workspace/m2-repository/org/bitbucket/b_c/jose4j/0.7.2/jose4j-0.7.2.jar:/workspace/m2-repository/io/quarkus/quarkus-vertx-web/1.8.1.Final/quarkus-vertx-web-1.8.1.Final.jar:/workspace/m2-repository/io/quarkus/quarkus-security/1.8.1.Final/quarkus-security-1.8.1.Final.jar:/workspace/m2-repository/io/quarkus/quarkus-jsonp/1.8.1.Final/quarkus-jsonp-1.8.1.Final.jar:/workspace/m2-repository/jakarta/servlet/jakarta.servlet-api/4.0.3/jakarta.servlet-api-4.0.3.jar:/workspace/m2-repository/io/quarkus/quarkus-smallrye-health/1.8.1.Final/quarkus-smallrye-health-1.8.1.Final.jar:/workspace/m2-repository/io/smallrye/smallrye-health/2.2.3/smallrye-health-2.2.3.jar:/workspace/m2-repository/org/eclipse/microprofile/health/microprofile-health-api/2.2/microprofile-health-api-2.2.jar:/workspace/m2-repository/io/smallrye/smallrye-health-api/2.2.3/smallrye-health-api-2.2.3.jar:/workspace/m2-repository/io/smallrye/smallrye-health-ui/2.2.3/smallrye-health-ui-2.2.3.jar:/workspace/m2-repository/io/smallrye/smallrye-health-provided-checks/2.2.3/smallrye-health-provided-checks-2.2.3.jar:/workspace/m2-repository/io/quarkus/quarkus-smallrye-metrics/1.8.1.Final/quarkus-smallrye-metrics-1.8.1.Final.jar:/workspace/m2-repository/io/smallrye/smallrye-metrics/2.4.3/smallrye-metrics-2.4.3.jar:/workspace/m2-repository/org/eclipse/microprofile/metrics/microprofile-metrics-api/2.3/microprofile-metrics-api-2.3.jar:/workspace/m2-repository/io/quarkus/quarkus-jdbc-postgresql/1.8.1.Final/quarkus-jdbc-postgresql-1.8.1.Final.jar:/workspace/m2-repository/org/postgresql/postgresql/42.2.16/postgresql-42.2.16.jar:/workspace/m2-repository/io/quarkus/quarkus-smallrye-reactive-messaging-amqp/1.8.1.Final/quarkus-smallrye-reactive-messaging-amqp-1.8.1.Final.jar:/workspace/m2-repository/io/smallrye/reactive/smallrye-reactive-messaging-amqp/2.3.0/smallrye-reactive-messaging-amqp-2.3.0.jar:/workspace/m2-repository/io/smallrye/reactive/smallrye-mutiny-vertx-amqp-client/1.1.0/smallrye-mutiny-vertx-amqp-client-1.1.0.jar:/workspace/m2-repository/io/vertx/vertx-amqp-client/3.9.2/vertx-amqp-client-3.9.2.jar:/workspace/m2-repository/io/vertx/vertx-proton/3.9.2/vertx-proton-3.9.2.jar:/workspace/m2-repository/org/apache/qpid/proton-j/0.33.6/proton-j-0.33.6.jar:/workspace/m2-repository/io/quarkus/quarkus-smallrye-openapi/1.8.1.Final/quarkus-smallrye-openapi-1.8.1.Final.jar:/workspace/m2-repository/io/smallrye/smallrye-open-api-core/2.0.9/smallrye-open-api-core-2.0.9.jar:/workspace/m2-repository/org/eclipse/microprofile/openapi/microprofile-openapi-api/1.1.2/microprofile-openapi-api-1.1.2.jar:/workspace/m2-repository/com/fasterxml/jackson/dataformat/jackson-dataformat-yaml/2.11.2/jackson-dataformat-yaml-2.11.2.jar:/workspace/m2-repository/org/yaml/snakeyaml/1.26/snakeyaml-1.26.jar:/workspace/m2-repository/io/quarkus/quarkus-swagger-ui/1.8.1.Final/quarkus-swagger-ui-1.8.1.Final.jar:/workspace/m2-repository/io/quarkus/quarkus-smallrye-reactive-messaging/1.8.1.Final/quarkus-smallrye-reactive-messaging-1.8.1.Final.jar:/workspace/m2-repository/io/reactivex/rxjava2/rxjava/2.2.19/rxjava-2.2.19.jar:/workspace/m2-repository/org/reactivestreams/reactive-streams/1.0.3/reactive-streams-1.0.3.jar:/workspace/m2-repository/io/smallrye/common/smallrye-common-annotation/1.3.0/smallrye-common-annotation-1.3.0.jar:/workspace/m2-repository/io/smallrye/reactive/smallrye-reactive-messaging-health/2.3.0/smallrye-reactive-messaging-health-2.3.0.jar:/workspace/m2-repository/io/quarkus/quarkus-smallrye-reactive-messaging-kafka/1.8.1.Final/quarkus-smallrye-reactive-messaging-kafka-1.8.1.Final.jar:/workspace/m2-repository/io/quarkus/quarkus-kafka-client/1.8.1.Final/quarkus-kafka-client-1.8.1.Final.jar:/workspace/m2-repository/io/smallrye/reactive/smallrye-reactive-messaging-kafka/2.3.0/smallrye-reactive-messaging-kafka-2.3.0.jar:/workspace/m2-repository/io/smallrye/reactive/smallrye-mutiny-vertx-kafka-client/1.1.0/smallrye-mutiny-vertx-kafka-client-1.1.0.jar:/workspace/m2-repository/org/apache/zookeeper/zookeeper/3.5.7/zookeeper-3.5.7.jar:/workspace/m2-repository/org/apache/zookeeper/zookeeper-jute/3.5.7/zookeeper-jute-3.5.7.jar:/workspace/m2-repository/org/apache/yetus/audience-annotations/0.5.0/audience-annotations-0.5.0.jar:/workspace/m2-repository/io/netty/netty-transport-native-epoll/4.1.49.Final/netty-transport-native-epoll-4.1.49.Final.jar:/workspace/m2-repository/io/netty/netty-transport-native-unix-common/4.1.49.Final/netty-transport-native-unix-common-4.1.49.Final.jar:/workspace/m2-repository/org/apache/kafka/kafka-clients/2.5.0/kafka-clients-2.5.0.jar:/workspace/m2-repository/com/github/luben/zstd-jni/1.4.4-7/zstd-jni-1.4.4-7.jar:/workspace/m2-repository/org/lz4/lz4-java/1.6.0/lz4-java-1.6.0.jar:/workspace/m2-repository/org/xerial/snappy/snappy-java/1.1.7.3/snappy-java-1.1.7.3.jar:/workspace/m2-repository/io/vertx/vertx-kafka-client/3.9.2/vertx-kafka-client-3.9.2.jar:/workspace/m2-repository/io/vertx/vertx-core/3.9.2/vertx-core-3.9.2.jar:/workspace/m2-repository/io/netty/netty-common/4.1.49.Final/netty-common-4.1.49.Final.jar:/workspace/m2-repository/io/netty/netty-buffer/4.1.49.Final/netty-buffer-4.1.49.Final.jar:/workspace/m2-repository/io/netty/netty-transport/4.1.49.Final/netty-transport-4.1.49.Final.jar:/workspace/m2-repository/io/netty/netty-handler-proxy/4.1.49.Final/netty-handler-proxy-4.1.49.Final.jar:/workspace/m2-repository/io/netty/netty-codec-socks/4.1.49.Final/netty-codec-socks-4.1.49.Final.jar:/workspace/m2-repository/io/netty/netty-codec-http/4.1.49.Final/netty-codec-http-4.1.49.Final.jar:/workspace/m2-repository/io/netty/netty-codec-http2/4.1.49.Final/netty-codec-http2-4.1.49.Final.jar:/workspace/m2-repository/io/netty/netty-resolver/4.1.49.Final/netty-resolver-4.1.49.Final.jar:/workspace/m2-repository/io/netty/netty-resolver-dns/4.1.49.Final/netty-resolver-dns-4.1.49.Final.jar:/workspace/m2-repository/io/netty/netty-codec-dns/4.1.49.Final/netty-codec-dns-4.1.49.Final.jar:/workspace/m2-repository/io/quarkus/quarkus-reactive-pg-client/1.8.1.Final/quarkus-reactive-pg-client-1.8.1.Final.jar:/workspace/m2-repository/io/quarkus/quarkus-reactive-datasource/1.8.1.Final/quarkus-reactive-datasource-1.8.1.Final.jar:/workspace/m2-repository/io/quarkus/quarkus-datasource/1.8.1.Final/quarkus-datasource-1.8.1.Final.jar:/workspace/m2-repository/io/quarkus/quarkus-datasource-common/1.8.1.Final/quarkus-datasource-common-1.8.1.Final.jar:/workspace/m2-repository/io/vertx/vertx-sql-client/3.9.2/vertx-sql-client-3.9.2.jar:/workspace/m2-repository/io/vertx/vertx-pg-client/3.9.2/vertx-pg-client-3.9.2.jar:/workspace/m2-repository/com/ongres/scram/client/2.1/client-2.1.jar:/workspace/m2-repository/com/ongres/scram/common/2.1/common-2.1.jar:/workspace/m2-repository/com/ongres/stringprep/saslprep/1.1/saslprep-1.1.jar:/workspace/m2-repository/com/ongres/stringprep/stringprep/1.1/stringprep-1.1.jar:/workspace/m2-repository/io/smallrye/reactive/smallrye-axle-pg-client/1.1.0/smallrye-axle-pg-client-1.1.0.jar:/workspace/m2-repository/io/smallrye/reactive/smallrye-axle-sql-client/1.1.0/smallrye-axle-sql-client-1.1.0.jar:/workspace/m2-repository/io/smallrye/reactive/smallrye-mutiny-vertx-pg-client/1.1.0/smallrye-mutiny-vertx-pg-client-1.1.0.jar:/workspace/m2-repository/io/smallrye/reactive/smallrye-mutiny-vertx-sql-client/1.1.0/smallrye-mutiny-vertx-sql-client-1.1.0.jar:/workspace/m2-repository/io/quarkus/quarkus-credentials/1.8.1.Final/quarkus-credentials-1.8.1.Final.jar:"/>
    <property name="sun.cpu.endian" value="little"/>
    <property name="user.home" value="/home/gitpod"/>
    <property name="user.language" value="en"/>
    <property name="java.specification.vendor" value="Oracle Corporation"/>
    <property name="io.netty.allocator.maxOrder" value="1"/>
    <property name="java.version.date" value="2020-01-14"/>
    <property name="java.home" value="/home/gitpod/.sdkman/candidates/java/11.0.6.fx-zulu"/>
    <property name="file.separator" value="/"/>
    <property name="basedir" value="/workspace/rquarkusweb"/>
    <property name="java.vm.compressedOopsMode" value="Zero based"/>
    <property name="line.separator" value="&#10;"/>
    <property name="java.specification.name" value="Java Platform API Specification"/>
    <property name="java.vm.specification.vendor" value="Oracle Corporation"/>
    <property name="java.awt.graphicsenv" value="sun.awt.X11GraphicsEnvironment"/>
    <property name="surefire.real.class.path" value="/workspace/rquarkusweb/target/surefire/surefirebooter15176943346769504309.jar"/>
    <property name="sun.management.compiler" value="HotSpot 64-Bit Tiered Compilers"/>
    <property name="java.runtime.version" value="11.0.6+10-LTS"/>
    <property name="user.name" value="gitpod"/>
    <property name="path.separator" value=":"/>
    <property name="os.version" value="4.14.174+"/>
    <property name="java.runtime.name" value="OpenJDK Runtime Environment"/>
    <property name="file.encoding" value="UTF-8"/>
    <property name="sun.nio.ch.bugLevel" value=""/>
    <property name="java.vm.name" value="OpenJDK 64-Bit Server VM"/>
    <property name="java.vendor.version" value="Zulu11.37+19-CA"/>
    <property name="io.netty.noJdkZlibDecoder" value="false"/>
    <property name="localRepository" value="/workspace/m2-repository"/>
    <property name="java.vendor.url.bug" value="http://www.azulsystems.com/support/"/>
    <property name="java.io.tmpdir" value="/tmp"/>
    <property name="quarkus.log.file.path" value="target/quarkus.log"/>
    <property name="java.version" value="11.0.6"/>
    <property name="user.dir" value="/workspace/rquarkusweb"/>
    <property name="os.arch" value="amd64"/>
    <property name="java.vm.specification.name" value="Java Virtual Machine Specification"/>
    <property name="vertx.disableDnsResolver" value="true"/>
    <property name="java.awt.printerjob" value="sun.print.PSPrinterJob"/>
    <property name="sun.os.patch.level" value="unknown"/>
    <property name="java.util.logging.manager" value="org.jboss.logmanager.LogManager"/>
    <property name="java.library.path" value="/usr/java/packages/lib:/usr/lib64:/lib64:/lib:/usr/lib"/>
    <property name="java.vendor" value="Azul Systems, Inc."/>
    <property name="java.vm.info" value="mixed mode"/>
    <property name="java.vm.version" value="11.0.6+10-LTS"/>
    <property name="sun.io.unicode.encoding" value="UnicodeLittle"/>
    <property name="io.netty.machineId" value="1d:55:a4:ca:18:eb:54:42"/>
    <property name="java.class.version" value="55.0"/>
  </properties>
  <testcase name="testHelloEndpoint" classname="org.tuv01.GreetingResourceTest" time="0.012">
    <error type="java.lang.RuntimeException"><![CDATA[java.lang.RuntimeException: java.lang.RuntimeException: Failed to start quarkus
Caused by: java.lang.RuntimeException: Failed to start quarkus
Caused by: java.lang.RuntimeException: Unable to start HTTP server
Caused by: java.util.concurrent.ExecutionException: java.net.BindException: Address already in use
Caused by: java.net.BindException: Address already in use
]]></error>
    <system-out><![CDATA[2020-10-01 11:11:45,823 INFO  [io.qua.arc.pro.BeanProcessor] (build-18) Found unrecommended usage of private members (use package-private instead) in application beans:
	- @Inject field org.greeting.GreetingResource#greetingService,
	- @Inject field org.greeting.GreetingService#greetingConfig
2020-10-01 11:11:47,309 INFO  [io.sma.rea.mes.provider] (main) SRMSG00208: Deployment done... start processing
2020-10-01 11:11:47,312 INFO  [io.sma.rea.mes.provider] (main) SRMSG00226: Found incoming connectors: [smallrye-mqtt, smallrye-kafka, smallrye-amqp]
2020-10-01 11:11:47,312 INFO  [io.sma.rea.mes.provider] (main) SRMSG00227: Found outgoing connectors: [smallrye-mqtt, smallrye-kafka, smallrye-amqp]
2020-10-01 11:11:47,313 INFO  [io.sma.rea.mes.provider] (main) SRMSG00229: Channel manager initializing...
2020-10-01 11:11:47,316 INFO  [io.sma.rea.mes.provider] (main) SRMSG00209: Initializing mediators
2020-10-01 11:11:47,317 INFO  [io.sma.rea.mes.provider] (main) SRMSG00215: Connecting mediators
2020-10-01 11:11:47,319 INFO  [Lifecycle] (main) onStart executed
2020-10-01 11:11:47,435 ERROR [io.qua.application] (main) Failed to start application (with profile test): java.lang.RuntimeException: Unable to start HTTP server
	at io.quarkus.vertx.http.runtime.VertxHttpRecorder.doServerStart(VertxHttpRecorder.java:498)
	at io.quarkus.vertx.http.runtime.VertxHttpRecorder.startServer(VertxHttpRecorder.java:221)
	at io.quarkus.deployment.steps.VertxHttpProcessor$openSocket-2064782366.deploy_0(VertxHttpProcessor$openSocket-2064782366.zig:136)
	at io.quarkus.deployment.steps.VertxHttpProcessor$openSocket-2064782366.deploy(VertxHttpProcessor$openSocket-2064782366.zig:40)
	at io.quarkus.runner.ApplicationImpl.doStart(ApplicationImpl.zig:752)
	at io.quarkus.runtime.Application.start(Application.java:90)
	at java.base/jdk.internal.reflect.NativeMethodAccessorImpl.invoke0(Native Method)
	at java.base/jdk.internal.reflect.NativeMethodAccessorImpl.invoke(NativeMethodAccessorImpl.java:62)
	at java.base/jdk.internal.reflect.DelegatingMethodAccessorImpl.invoke(DelegatingMethodAccessorImpl.java:43)
	at java.base/java.lang.reflect.Method.invoke(Method.java:566)
	at io.quarkus.runner.bootstrap.StartupActionImpl.run(StartupActionImpl.java:212)
	at io.quarkus.test.junit.QuarkusTestExtension.doJavaStart(QuarkusTestExtension.java:232)
	at io.quarkus.test.junit.QuarkusTestExtension.ensureStarted(QuarkusTestExtension.java:504)
	at io.quarkus.test.junit.QuarkusTestExtension.beforeAll(QuarkusTestExtension.java:537)
	at org.junit.jupiter.engine.descriptor.ClassBasedTestDescriptor.lambda$invokeBeforeAllCallbacks$7(ClassBasedTestDescriptor.java:359)
	at org.junit.platform.engine.support.hierarchical.ThrowableCollector.execute(ThrowableCollector.java:73)
	at org.junit.jupiter.engine.descriptor.ClassBasedTestDescriptor.invokeBeforeAllCallbacks(ClassBasedTestDescriptor.java:359)
	at org.junit.jupiter.engine.descriptor.ClassBasedTestDescriptor.before(ClassBasedTestDescriptor.java:189)
	at org.junit.jupiter.engine.descriptor.ClassBasedTestDescriptor.before(ClassBasedTestDescriptor.java:78)
	at org.junit.platform.engine.support.hierarchical.NodeTestTask.lambda$executeRecursively$5(NodeTestTask.java:132)
	at org.junit.platform.engine.support.hierarchical.ThrowableCollector.execute(ThrowableCollector.java:73)
	at org.junit.platform.engine.support.hierarchical.NodeTestTask.lambda$executeRecursively$7(NodeTestTask.java:125)
	at org.junit.platform.engine.support.hierarchical.Node.around(Node.java:135)
	at org.junit.platform.engine.support.hierarchical.NodeTestTask.lambda$executeRecursively$8(NodeTestTask.java:123)
	at org.junit.platform.engine.support.hierarchical.ThrowableCollector.execute(ThrowableCollector.java:73)
	at org.junit.platform.engine.support.hierarchical.NodeTestTask.executeRecursively(NodeTestTask.java:122)
	at org.junit.platform.engine.support.hierarchical.NodeTestTask.execute(NodeTestTask.java:80)
	at java.base/java.util.ArrayList.forEach(ArrayList.java:1540)
	at org.junit.platform.engine.support.hierarchical.SameThreadHierarchicalTestExecutorService.invokeAll(SameThreadHierarchicalTestExecutorService.java:38)
	at org.junit.platform.engine.support.hierarchical.NodeTestTask.lambda$executeRecursively$5(NodeTestTask.java:139)
	at org.junit.platform.engine.support.hierarchical.ThrowableCollector.execute(ThrowableCollector.java:73)
	at org.junit.platform.engine.support.hierarchical.NodeTestTask.lambda$executeRecursively$7(NodeTestTask.java:125)
	at org.junit.platform.engine.support.hierarchical.Node.around(Node.java:135)
	at org.junit.platform.engine.support.hierarchical.NodeTestTask.lambda$executeRecursively$8(NodeTestTask.java:123)
	at org.junit.platform.engine.support.hierarchical.ThrowableCollector.execute(ThrowableCollector.java:73)
	at org.junit.platform.engine.support.hierarchical.NodeTestTask.executeRecursively(NodeTestTask.java:122)
	at org.junit.platform.engine.support.hierarchical.NodeTestTask.execute(NodeTestTask.java:80)
	at org.junit.platform.engine.support.hierarchical.SameThreadHierarchicalTestExecutorService.submit(SameThreadHierarchicalTestExecutorService.java:32)
	at org.junit.platform.engine.support.hierarchical.HierarchicalTestExecutor.execute(HierarchicalTestExecutor.java:57)
	at org.junit.platform.engine.support.hierarchical.HierarchicalTestEngine.execute(HierarchicalTestEngine.java:51)
	at org.junit.platform.launcher.core.DefaultLauncher.execute(DefaultLauncher.java:248)
	at org.junit.platform.launcher.core.DefaultLauncher.lambda$execute$5(DefaultLauncher.java:211)
	at org.junit.platform.launcher.core.DefaultLauncher.withInterceptedStreams(DefaultLauncher.java:226)
	at org.junit.platform.launcher.core.DefaultLauncher.execute(DefaultLauncher.java:199)
	at org.junit.platform.launcher.core.DefaultLauncher.execute(DefaultLauncher.java:132)
	at org.apache.maven.surefire.junitplatform.JUnitPlatformProvider.execute(JUnitPlatformProvider.java:188)
	at org.apache.maven.surefire.junitplatform.JUnitPlatformProvider.invokeAllTests(JUnitPlatformProvider.java:154)
	at org.apache.maven.surefire.junitplatform.JUnitPlatformProvider.invoke(JUnitPlatformProvider.java:128)
	at org.apache.maven.surefire.booter.ForkedBooter.runSuitesInProcess(ForkedBooter.java:428)
	at org.apache.maven.surefire.booter.ForkedBooter.execute(ForkedBooter.java:162)
	at org.apache.maven.surefire.booter.ForkedBooter.run(ForkedBooter.java:562)
	at org.apache.maven.surefire.booter.ForkedBooter.main(ForkedBooter.java:548)
Caused by: java.util.concurrent.ExecutionException: java.net.BindException: Address already in use
	at java.base/java.util.concurrent.CompletableFuture.reportGet(CompletableFuture.java:395)
	at java.base/java.util.concurrent.CompletableFuture.get(CompletableFuture.java:1999)
	at io.quarkus.vertx.http.runtime.VertxHttpRecorder.doServerStart(VertxHttpRecorder.java:464)
	... 51 more
Caused by: java.net.BindException: Address already in use
	at java.base/sun.nio.ch.Net.bind0(Native Method)
	at java.base/sun.nio.ch.Net.bind(Net.java:455)
	at java.base/sun.nio.ch.Net.bind(Net.java:447)
	at java.base/sun.nio.ch.ServerSocketChannelImpl.bind(ServerSocketChannelImpl.java:227)
	at io.netty.channel.socket.nio.NioServerSocketChannel.doBind(NioServerSocketChannel.java:134)
	at io.netty.channel.AbstractChannel$AbstractUnsafe.bind(AbstractChannel.java:550)
	at io.netty.channel.DefaultChannelPipeline$HeadContext.bind(DefaultChannelPipeline.java:1334)
	at io.netty.channel.AbstractChannelHandlerContext.invokeBind(AbstractChannelHandlerContext.java:506)
	at io.netty.channel.AbstractChannelHandlerContext.bind(AbstractChannelHandlerContext.java:491)
	at io.netty.channel.DefaultChannelPipeline.bind(DefaultChannelPipeline.java:973)
	at io.netty.channel.AbstractChannel.bind(AbstractChannel.java:248)
	at io.netty.bootstrap.AbstractBootstrap$2.run(AbstractBootstrap.java:356)
	at io.netty.util.concurrent.AbstractEventExecutor.safeExecute(AbstractEventExecutor.java:164)
	at io.netty.util.concurrent.SingleThreadEventExecutor.runAllTasksFrom(SingleThreadEventExecutor.java:428)
	at io.netty.util.concurrent.SingleThreadEventExecutor.runAllTasks(SingleThreadEventExecutor.java:377)
	at io.netty.channel.nio.NioEventLoop.run(NioEventLoop.java:488)
	at io.netty.util.concurrent.SingleThreadEventExecutor$4.run(SingleThreadEventExecutor.java:989)
	at io.netty.util.internal.ThreadExecutorMap$2.run(ThreadExecutorMap.java:74)
	at io.netty.util.concurrent.FastThreadLocalRunnable.run(FastThreadLocalRunnable.java:30)
	at java.base/java.lang.Thread.run(Thread.java:834)

2020-10-01 11:11:47,442 INFO  [Lifecycle] (main) onStop executed
2020-10-01 11:11:47,445 INFO  [io.sma.rea.mes.provider] (main) SRMSG00207: Cancel subscriptions
]]></system-out>
  </testcase>
  <testcase name="testGreetingEndPoint" classname="org.tuv01.GreetingResourceTest" time="0">
    <skipped type="org.opentest4j.TestAbortedException"><![CDATA[org.opentest4j.TestAbortedException: Boot failed
]]></skipped>
  </testcase>
</testsuite>